../../ct_haploid_save_state_new 5000 200  8000000  23781 1000 10000 0.5 0.5 0 0.1 1 basic_new/randinit_nz_1000_Lv_10000_ga_0.1_1  &
../../ct_haploid_save_state_new 5000 200  8000000  25904 1000 10000 0.5 0.5 0 0.1 1 basic_new/randinit_nz_1000_Lv_10000_ga_0.1_2  &
../../ct_haploid_save_state_new 5000 200  8000000  20225 1000 10000 0.5 0.5 0 0.1 1 basic_new/randinit_nz_1000_Lv_10000_ga_0.1_3  &
../../ct_haploid_save_state_new 5000 200  8000000  20097 1000 10000 0.5 0.5 0 0.1 1 basic_new/randinit_nz_1000_Lv_10000_ga_0.1_4  &
../../ct_haploid_save_state_new 5000 200  8000000  5838 1000 10000 0.5 0.5 0 0.1 1 basic_new/randinit_nz_1000_Lv_10000_ga_0.1_5  &
../../ct_haploid_save_state_new 5000 200  8000000  26361 1000 10000 0.5 0.5 0 0.1 1 basic_new/randinit_nz_1000_Lv_10000_ga_0.1_6  &
../../ct_haploid_save_state_new 5000 200  8000000  8794 1000 10000 0.5 0.5 0 0.1 1 basic_new/randinit_nz_1000_Lv_10000_ga_0.1_7  &
../../ct_haploid_save_state_new 5000 200  8000000  644 1000 10000 0.5 0.5 0 0.1 1 basic_new/randinit_nz_1000_Lv_10000_ga_0.1_8  &
../../ct_haploid_save_state_new 5000 200  8000000  13071 1000 10000 0.5 0.5 0 0.1 1 basic_new/randinit_nz_1000_Lv_10000_ga_0.1_9  &
../../ct_haploid_save_state_new 5000 200  8000000  12815 1000 10000 0.5 0.5 0 0.1 1 basic_new/randinit_nz_1000_Lv_10000_ga_0.1_10 &
../../ct_haploid_save_state_new 5000 200  8000000  5780 1000 10000 0.5 0.5 0 0.1 1 basic_new/randinit_nz_1000_Lv_10000_ga_0.1_11  &
../../ct_haploid_save_state_new 5000 200  8000000  23397 1000 10000 0.5 0.5 0 0.1 1 basic_new/randinit_nz_1000_Lv_10000_ga_0.1_12  &
../../ct_haploid_save_state_new 5000 200  8000000  31549 1000 10000 0.5 0.5 0 0.1 1 basic_new/randinit_nz_1000_Lv_10000_ga_0.1_13  &
../../ct_haploid_save_state_new 5000 200  8000000  6236 1000 10000 0.5 0.5 0 0.1 1 basic_new/randinit_nz_1000_Lv_10000_ga_0.1_14  &
../../ct_haploid_save_state_new 5000 200  8000000  30416 1000 10000 0.5 0.5 0 0.1 1 basic_new/randinit_nz_1000_Lv_10000_ga_0.1_15  &
../../ct_haploid_save_state_new 5000 200  8000000  31350 1000 10000 0.5 0.5 0 0.1 1 basic_new/randinit_nz_1000_Lv_10000_ga_0.1_16 &
../../ct_haploid_save_state_new 5000 200  8000000  6156 1000 10000 0.5 0.5 0 0.1 1 basic_new/randinit_nz_1000_Lv_10000_ga_0.1_17  &
../../ct_haploid_save_state_new 5000 200  8000000  25713 1000 10000 0.5 0.5 0 0.1 1 basic_new/randinit_nz_1000_Lv_10000_ga_0.1_18  &
../../ct_haploid_save_state_new 5000 200  8000000  26412 1000 10000 0.5 0.5 0 0.1 1 basic_new/randinit_nz_1000_Lv_10000_ga_0.1_19  &
../../ct_haploid_save_state_new 5000 200  8000000  9702 1000 10000 0.5 0.5 0 0.1 1 basic_new/randinit_nz_1000_Lv_10000_ga_0.1_20  &
