../../ct_haploid_save_state_new 5000 200  8000000  12492 1000 10000 0.5 0.5 0 1 1 basic_new/randinit_nz_1000_Lv_10000_ga_1_1  &
../../ct_haploid_save_state_new 5000 200  8000000  12830 1000 10000 0.5 0.5 0 1 1 basic_new/randinit_nz_1000_Lv_10000_ga_1_2  &
../../ct_haploid_save_state_new 5000 200  8000000  22585 1000 10000 0.5 0.5 0 1 1 basic_new/randinit_nz_1000_Lv_10000_ga_1_3  &
../../ct_haploid_save_state_new 5000 200  8000000  7534 1000 10000 0.5 0.5 0 1 1 basic_new/randinit_nz_1000_Lv_10000_ga_1_4  &
../../ct_haploid_save_state_new 5000 200  8000000  16102 1000 10000 0.5 0.5 0 1 1 basic_new/randinit_nz_1000_Lv_10000_ga_1_5  &
../../ct_haploid_save_state_new 5000 200  8000000  8409 1000 10000 0.5 0.5 0 1 1 basic_new/randinit_nz_1000_Lv_10000_ga_1_6  &
../../ct_haploid_save_state_new 5000 200  8000000  17733 1000 10000 0.5 0.5 0 1 1 basic_new/randinit_nz_1000_Lv_10000_ga_1_7  &
../../ct_haploid_save_state_new 5000 200  8000000  1745 1000 10000 0.5 0.5 0 1 1 basic_new/randinit_nz_1000_Lv_10000_ga_1_8  &
../../ct_haploid_save_state_new 5000 200  8000000  23201 1000 10000 0.5 0.5 0 1 1 basic_new/randinit_nz_1000_Lv_10000_ga_1_9  &
../../ct_haploid_save_state_new 5000 200  8000000  20994 1000 10000 0.5 0.5 0 1 1 basic_new/randinit_nz_1000_Lv_10000_ga_1_10  &
../../ct_haploid_save_state_new 5000 200  8000000  26020 1000 10000 0.5 0.5 0 1 1 basic_new/randinit_nz_1000_Lv_10000_ga_1_11  &
../../ct_haploid_save_state_new 5000 200  8000000  22385 1000 10000 0.5 0.5 0 1 1 basic_new/randinit_nz_1000_Lv_10000_ga_1_12  &
../../ct_haploid_save_state_new 5000 200  8000000  26147 1000 10000 0.5 0.5 0 1 1 basic_new/randinit_nz_1000_Lv_10000_ga_1_13  &
../../ct_haploid_save_state_new 5000 200  8000000  12958 1000 10000 0.5 0.5 0 1 1 basic_new/randinit_nz_1000_Lv_10000_ga_1_14  &
../../ct_haploid_save_state_new 5000 200  8000000  27704 1000 10000 0.5 0.5 0 1 1 basic_new/randinit_nz_1000_Lv_10000_ga_1_15  &
../../ct_haploid_save_state_new 5000 200  8000000  6726 1000 10000 0.5 0.5 0 1 1 basic_new/randinit_nz_1000_Lv_10000_ga_1_16  &
../../ct_haploid_save_state_new 5000 200  8000000  3471 1000 10000 0.5 0.5 0 1 1 basic_new/randinit_nz_1000_Lv_10000_ga_1_17  &
../../ct_haploid_save_state_new 5000 200  8000000  27632 1000 10000 0.5 0.5 0 1 1 basic_new/randinit_nz_1000_Lv_10000_ga_1_18  &
../../ct_haploid_save_state_new 5000 200  8000000  32481 1000 10000 0.5 0.5 0 1 1 basic_new/randinit_nz_1000_Lv_10000_ga_1_19  &
../../ct_haploid_save_state_new 5000 200  8000000  7770 1000 10000 0.5 0.5 0 1 1 basic_new/randinit_nz_1000_Lv_10000_ga_1_20  &
