../../ct_haploid_save_state_new 5000 200  8000000  20663 1000 10000 0.5 0.5 0 10 1 basic_new/randinit_nz_1000_Lv_10000_ga_10_1  &
../../ct_haploid_save_state_new 5000 200  8000000  9286 1000 10000 0.5 0.5 0 10 1 basic_new/randinit_nz_1000_Lv_10000_ga_10_2  &
../../ct_haploid_save_state_new 5000 200  8000000  11098 1000 10000 0.5 0.5 0 10 1 basic_new/randinit_nz_1000_Lv_10000_ga_10_3  &
../../ct_haploid_save_state_new 5000 200  8000000  15339 1000 10000 0.5 0.5 0 10 1 basic_new/randinit_nz_1000_Lv_10000_ga_10_4  &
../../ct_haploid_save_state_new 5000 200  8000000  109 1000 10000 0.5 0.5 0 10 1 basic_new/randinit_nz_1000_Lv_10000_ga_10_5  &
../../ct_haploid_save_state_new 5000 200  8000000  11321 1000 10000 0.5 0.5 0 10 1 basic_new/randinit_nz_1000_Lv_10000_ga_10_6  &
../../ct_haploid_save_state_new 5000 200  8000000  30789 1000 10000 0.5 0.5 0 10 1 basic_new/randinit_nz_1000_Lv_10000_ga_10_7  &
../../ct_haploid_save_state_new 5000 200  8000000  6659 1000 10000 0.5 0.5 0 10 1 basic_new/randinit_nz_1000_Lv_10000_ga_10_8  &
../../ct_haploid_save_state_new 5000 200  8000000  30814 1000 10000 0.5 0.5 0 10 1 basic_new/randinit_nz_1000_Lv_10000_ga_10_9  &
../../ct_haploid_save_state_new 5000 200  8000000  29189 1000 10000 0.5 0.5 0 10 1 basic_new/randinit_nz_1000_Lv_10000_ga_10_10  &
../../ct_haploid_save_state_new 5000 200  8000000  13115 1000 10000 0.5 0.5 0 10 1 basic_new/randinit_nz_1000_Lv_10000_ga_10_11  &
../../ct_haploid_save_state_new 5000 200  8000000  2619 1000 10000 0.5 0.5 0 10 1 basic_new/randinit_nz_1000_Lv_10000_ga_10_12  &
../../ct_haploid_save_state_new 5000 200  8000000  16799 1000 10000 0.5 0.5 0 10 1 basic_new/randinit_nz_1000_Lv_10000_ga_10_13  &
../../ct_haploid_save_state_new 5000 200  8000000  14195 1000 10000 0.5 0.5 0 10 1 basic_new/randinit_nz_1000_Lv_10000_ga_10_14  &
../../ct_haploid_save_state_new 5000 200  8000000  5292 1000 10000 0.5 0.5 0 10 1 basic_new/randinit_nz_1000_Lv_10000_ga_10_15  &
../../ct_haploid_save_state_new 5000 200  8000000  23945 1000 10000 0.5 0.5 0 10 1 basic_new/randinit_nz_1000_Lv_10000_ga_10_16  &
../../ct_haploid_save_state_new 5000 200  8000000  2732 1000 10000 0.5 0.5 0 10 1 basic_new/randinit_nz_1000_Lv_10000_ga_10_17  &
../../ct_haploid_save_state_new 5000 200  8000000  15573 1000 10000 0.5 0.5 0 10 1 basic_new/randinit_nz_1000_Lv_10000_ga_10_18  &
../../ct_haploid_save_state_new 5000 200  8000000  31906 1000 10000 0.5 0.5 0 10 1 basic_new/randinit_nz_1000_Lv_10000_ga_10_19  &
../../ct_haploid_save_state_new 5000 200  8000000  1561 1000 10000 0.5 0.5 0 10 1 basic_new/randinit_nz_1000_Lv_10000_ga_10_20  &
