../../ct_haploid_save_state_new 5000 200  8000000  21269 1000 10000 0.5 0.5 0 10 0 basic_new/stabil_nz_1000_Lv_10000_ga_10_1  &
../../ct_haploid_save_state_new 5000 200  8000000  4762 1000 10000 0.5 0.5 0 10 0 basic_new/stabil_nz_1000_Lv_10000_ga_10_2  &
../../ct_haploid_save_state_new 5000 200  8000000  22484 1000 10000 0.5 0.5 0 10 0 basic_new/stabil_nz_1000_Lv_10000_ga_10_3  &
../../ct_haploid_save_state_new 5000 200  8000000  18596 1000 10000 0.5 0.5 0 10 0 basic_new/stabil_nz_1000_Lv_10000_ga_10_4  &
../../ct_haploid_save_state_new 5000 200  8000000  15590 1000 10000 0.5 0.5 0 10 0 basic_new/stabil_nz_1000_Lv_10000_ga_10_5  &
../../ct_haploid_save_state_new 5000 200  8000000  12715 1000 10000 0.5 0.5 0 10 0 basic_new/stabil_nz_1000_Lv_10000_ga_10_6  &
../../ct_haploid_save_state_new 5000 200  8000000  28678 1000 10000 0.5 0.5 0 10 0 basic_new/stabil_nz_1000_Lv_10000_ga_10_7  &
../../ct_haploid_save_state_new 5000 200  8000000  18413 1000 10000 0.5 0.5 0 10 0 basic_new/stabil_nz_1000_Lv_10000_ga_10_8  &
../../ct_haploid_save_state_new 5000 200  8000000  17913 1000 10000 0.5 0.5 0 10 0 basic_new/stabil_nz_1000_Lv_10000_ga_10_9  &
../../ct_haploid_save_state_new 5000 200  8000000  3348 1000 10000 0.5 0.5 0 10 0 basic_new/stabil_nz_1000_Lv_10000_ga_10_10  &
../../ct_haploid_save_state_new 5000 200  8000000  14399 1000 10000 0.5 0.5 0 10 0 basic_new/stabil_nz_1000_Lv_10000_ga_10_11  &
../../ct_haploid_save_state_new 5000 200  8000000  28932 1000 10000 0.5 0.5 0 10 0 basic_new/stabil_nz_1000_Lv_10000_ga_10_12  &
../../ct_haploid_save_state_new 5000 200  8000000  22293 1000 10000 0.5 0.5 0 10 0 basic_new/stabil_nz_1000_Lv_10000_ga_10_13  &
../../ct_haploid_save_state_new 5000 200  8000000  19342 1000 10000 0.5 0.5 0 10 0 basic_new/stabil_nz_1000_Lv_10000_ga_10_14  &
../../ct_haploid_save_state_new 5000 200  8000000  30365 1000 10000 0.5 0.5 0 10 0 basic_new/stabil_nz_1000_Lv_10000_ga_10_15  &
../../ct_haploid_save_state_new 5000 200  8000000  28751 1000 10000 0.5 0.5 0 10 0 basic_new/stabil_nz_1000_Lv_10000_ga_10_16  &
../../ct_haploid_save_state_new 5000 200  8000000  23223 1000 10000 0.5 0.5 0 10 0 basic_new/stabil_nz_1000_Lv_10000_ga_10_17  &
../../ct_haploid_save_state_new 5000 200  8000000  16577 1000 10000 0.5 0.5 0 10 0 basic_new/stabil_nz_1000_Lv_10000_ga_10_18  &
../../ct_haploid_save_state_new 5000 200  8000000  32399 1000 10000 0.5 0.5 0 10 0 basic_new/stabil_nz_1000_Lv_10000_ga_10_19  &
../../ct_haploid_save_state_new 5000 200  8000000  6329 1000 10000 0.5 0.5 0 10 0 basic_new/stabil_nz_1000_Lv_10000_ga_10_20  &
