../../ct_haploid_save_state_new 5000 200  8000000  5909 1000 10000 0.5 0.5 0 0.1 0 basic_new/stabil_nz_1000_Lv_10000_ga_0.1_1  &
../../ct_haploid_save_state_new 5000 200  8000000  179 1000 10000 0.5 0.5 0 0.1 0 basic_new/stabil_nz_1000_Lv_10000_ga_0.1_2  &
../../ct_haploid_save_state_new 5000 200  8000000  4882 1000 10000 0.5 0.5 0 0.1 0 basic_new/stabil_nz_1000_Lv_10000_ga_0.1_3  &
../../ct_haploid_save_state_new 5000 200  8000000  16850 1000 10000 0.5 0.5 0 0.1 0 basic_new/stabil_nz_1000_Lv_10000_ga_0.1_4  &
../../ct_haploid_save_state_new 5000 200  8000000  6601 1000 10000 0.5 0.5 0 0.1 0 basic_new/stabil_nz_1000_Lv_10000_ga_0.1_5  &
../../ct_haploid_save_state_new 5000 200  8000000  5594 1000 10000 0.5 0.5 0 0.1 0 basic_new/stabil_nz_1000_Lv_10000_ga_0.1_6  &
../../ct_haploid_save_state_new 5000 200  8000000  24215 1000 10000 0.5 0.5 0 0.1 0 basic_new/stabil_nz_1000_Lv_10000_ga_0.1_7  &
../../ct_haploid_save_state_new 5000 200  8000000  24965 1000 10000 0.5 0.5 0 0.1 0 basic_new/stabil_nz_1000_Lv_10000_ga_0.1_8  &
../../ct_haploid_save_state_new 5000 200  8000000  18632 1000 10000 0.5 0.5 0 0.1 0 basic_new/stabil_nz_1000_Lv_10000_ga_0.1_9  &
../../ct_haploid_save_state_new 5000 200  8000000  1421 1000 10000 0.5 0.5 0 0.1 0 basic_new/stabil_nz_1000_Lv_10000_ga_0.1_10  &
../../ct_haploid_save_state_new 5000 200  8000000  4395 1000 10000 0.5 0.5 0 0.1 0 basic_new/stabil_nz_1000_Lv_10000_ga_0.1_11  &
../../ct_haploid_save_state_new 5000 200  8000000  25960 1000 10000 0.5 0.5 0 0.1 0 basic_new/stabil_nz_1000_Lv_10000_ga_0.1_12  &
../../ct_haploid_save_state_new 5000 200  8000000  20652 1000 10000 0.5 0.5 0 0.1 0 basic_new/stabil_nz_1000_Lv_10000_ga_0.1_13  &
../../ct_haploid_save_state_new 5000 200  8000000  4483 1000 10000 0.5 0.5 0 0.1 0 basic_new/stabil_nz_1000_Lv_10000_ga_0.1_14  &
../../ct_haploid_save_state_new 5000 200  8000000  32207 1000 10000 0.5 0.5 0 0.1 0 basic_new/stabil_nz_1000_Lv_10000_ga_0.1_15  &
../../ct_haploid_save_state_new 5000 200  8000000  26632 1000 10000 0.5 0.5 0 0.1 0 basic_new/stabil_nz_1000_Lv_10000_ga_0.1_16  &
../../ct_haploid_save_state_new 5000 200  8000000  3905 1000 10000 0.5 0.5 0 0.1 0 basic_new/stabil_nz_1000_Lv_10000_ga_0.1_17  &
../../ct_haploid_save_state_new 5000 200  8000000  18331 1000 10000 0.5 0.5 0 0.1 0 basic_new/stabil_nz_1000_Lv_10000_ga_0.1_18  &
../../ct_haploid_save_state_new 5000 200  8000000  26941 1000 10000 0.5 0.5 0 0.1 0 basic_new/stabil_nz_1000_Lv_10000_ga_0.1_19  &
../../ct_haploid_save_state_new 5000 200  8000000  24341 1000 10000 0.5 0.5 0 0.1 0 basic_new/stabil_nz_1000_Lv_10000_ga_0.1_20  &
