../../ct_haploid_save_state_new 5000 200  8000000  1066 1000 10000 0.5 0.5 0 1 0 basic_new/stabil_nz_1000_Lv_10000_ga_1_1  &
../../ct_haploid_save_state_new 5000 200  8000000  6975 1000 10000 0.5 0.5 0 1 0 basic_new/stabil_nz_1000_Lv_10000_ga_1_2  &
../../ct_haploid_save_state_new 5000 200  8000000  30142 1000 10000 0.5 0.5  0 1 0 basic_new/stabil_nz_1000_Lv_10000_ga_1_3  &
../../ct_haploid_save_state_new 5000 200  8000000  7130 1000 10000 0.5 0.5 0 1 0 basic_new/stabil_nz_1000_Lv_10000_ga_1_4  &
../../ct_haploid_save_state_new 5000 200  8000000  14633 1000 10000 0.5 0.5 0 1 0 basic_new/stabil_nz_1000_Lv_10000_ga_1_5  &
../../ct_haploid_save_state_new 5000 200  8000000  17555 1000 10000 0.5 0.5 0 1 0 basic_new/stabil_nz_1000_Lv_10000_ga_1_6  &
../../ct_haploid_save_state_new 5000 200  8000000  16377 1000 10000 0.5 0.5 0 1 0 basic_new/stabil_nz_1000_Lv_10000_ga_1_7  &
../../ct_haploid_save_state_new 5000 200  8000000  11620 1000 10000 0.5 0.5 0 1 0 basic_new/stabil_nz_1000_Lv_10000_ga_1_8  &
../../ct_haploid_save_state_new 5000 200  8000000  10418 1000 10000 0.5 0.5 0 1 0 basic_new/stabil_nz_1000_Lv_10000_ga_1_9  &
../../ct_haploid_save_state_new 5000 200  8000000  20723 1000 10000 0.5 0.5 0 1 0 basic_new/stabil_nz_1000_Lv_10000_ga_1_10  &
../../ct_haploid_save_state_new 5000 200  8000000  16161 1000 10000 0.5 0.5 0 1 0 basic_new/stabil_nz_1000_Lv_10000_ga_1_11  &
../../ct_haploid_save_state_new 5000 200  8000000  10166 1000 10000 0.5 0.5 0 1 0 basic_new/stabil_nz_1000_Lv_10000_ga_1_12  &
../../ct_haploid_save_state_new 5000 200  8000000  23797 1000 10000 0.5 0.5 0 1 0 basic_new/stabil_nz_1000_Lv_10000_ga_1_13  &
../../ct_haploid_save_state_new 5000 200  8000000  2442 1000 10000 0.5 0.5 0 1 0 basic_new/stabil_nz_1000_Lv_10000_ga_1_14  &
../../ct_haploid_save_state_new 5000 200  8000000  22377 1000 10000 0.5 0.5 0 1 0 basic_new/stabil_nz_1000_Lv_10000_ga_1_15  &
../../ct_haploid_save_state_new 5000 200  8000000  22607 1000 10000 0.5 0.5 0 1 0 basic_new/stabil_nz_1000_Lv_10000_ga_1_16  &
../../ct_haploid_save_state_new 5000 200  8000000  16404 1000 10000 0.5 0.5 0 1 0 basic_new/stabil_nz_1000_Lv_10000_ga_1_17  &
../../ct_haploid_save_state_new 5000 200  8000000  256 1000 10000 0.5 0.5 0 1 0 basic_new/stabil_nz_1000_Lv_10000_ga_1_18  &
../../ct_haploid_save_state_new 5000 200  8000000  14295 1000 10000 0.5 0.5 0 1 0 basic_new/stabil_nz_1000_Lv_10000_ga_1_19  &
../../ct_haploid_save_state_new 5000 200  8000000  14046 1000 10000 0.5 0.5 0 1 0 basic_new/stabil_nz_1000_Lv_10000_ga_1_20  &
