../../ct_haploid_diff_init_rob_evol 5000 200 0 8000000  24673 1e-8 1000 10000 3 0.5 0.5 1 1 diff_init_rob_evol_8_degree/randinit_0_0_sf8_0_nz_1000_Lv_10000_ga_1_0_1e-8_1 1  0 0 8 &
../../ct_haploid_diff_init_rob_evol 5000 200 0 8000000  6367 1e-8 1000 10000 3 0.5 0.5 1 1 diff_init_rob_evol_8_degree/randinit_0_0_sf8_0_nz_1000_Lv_10000_ga_1_0_1e-8_2 1  0 0 8 &
../../ct_haploid_diff_init_rob_evol 5000 200 0 8000000  1027 1e-8 1000 10000 3 0.5 0.5 1 1 diff_init_rob_evol_8_degree/randinit_0_0_sf8_0_nz_1000_Lv_10000_ga_1_0_1e-8_3 1  0 0 8 &
../../ct_haploid_diff_init_rob_evol 5000 200 0 8000000  30373 1e-8 1000 10000 3 0.5 0.5 1 1 diff_init_rob_evol_8_degree/randinit_0_0_sf8_0_nz_1000_Lv_10000_ga_1_0_1e-8_4 1  0 0 8 &
../../ct_haploid_diff_init_rob_evol 5000 200 0 8000000  27573 1e-8 1000 10000 3 0.5 0.5 1 1 diff_init_rob_evol_8_degree/randinit_0_0_sf8_0_nz_1000_Lv_10000_ga_1_0_1e-8_5 1  0 0 8 &
../../ct_haploid_diff_init_rob_evol 5000 200 0 8000000  15298 1e-8 1000 10000 3 0.5 0.5 1 1 diff_init_rob_evol_8_degree/randinit_0_0_sf8_0_nz_1000_Lv_10000_ga_1_0_1e-8_6 1  0 0 8 &
../../ct_haploid_diff_init_rob_evol 5000 200 0 8000000  27720 1e-8 1000 10000 3 0.5 0.5 1 1 diff_init_rob_evol_8_degree/randinit_0_0_sf8_0_nz_1000_Lv_10000_ga_1_0_1e-8_7 1  0 0 8 &
../../ct_haploid_diff_init_rob_evol 5000 200 0 8000000  10604 1e-8 1000 10000 3 0.5 0.5 1 1 diff_init_rob_evol_8_degree/randinit_0_0_sf8_0_nz_1000_Lv_10000_ga_1_0_1e-8_8 1  0 0 8 &
../../ct_haploid_diff_init_rob_evol 5000 200 0 8000000  2290 1e-8 1000 10000 3 0.5 0.5 1 1 diff_init_rob_evol_8_degree/randinit_0_0_sf8_0_nz_1000_Lv_10000_ga_1_0_1e-8_9 1  0 0 8 &
../../ct_haploid_diff_init_rob_evol 5000 200 0 8000000  21704 1e-8 1000 10000 3 0.5 0.5 1 1 diff_init_rob_evol_8_degree/randinit_0_0_sf8_0_nz_1000_Lv_10000_ga_1_0_1e-8_10 1  0 0 8 &
../../ct_haploid_diff_init_rob_evol 5000 200 0 8000000  9599 1e-8 1000 10000 3 0.5 0.5 1 1 diff_init_rob_evol_8_degree/randinit_0_0_sf8_0_nz_1000_Lv_10000_ga_1_0_1e-8_11 1  0 0 8 &
../../ct_haploid_diff_init_rob_evol 5000 200 0 8000000  21928 1e-8 1000 10000 3 0.5 0.5 1 1 diff_init_rob_evol_8_degree/randinit_0_0_sf8_0_nz_1000_Lv_10000_ga_1_0_1e-8_12 1  0 0 8 &
../../ct_haploid_diff_init_rob_evol 5000 200 0 8000000  18750 1e-8 1000 10000 3 0.5 0.5 1 1 diff_init_rob_evol_8_degree/randinit_0_0_sf8_0_nz_1000_Lv_10000_ga_1_0_1e-8_13 1  0 0 8 &
../../ct_haploid_diff_init_rob_evol 5000 200 0 8000000  17757 1e-8 1000 10000 3 0.5 0.5 1 1 diff_init_rob_evol_8_degree/randinit_0_0_sf8_0_nz_1000_Lv_10000_ga_1_0_1e-8_14 1  0 0 8 &
../../ct_haploid_diff_init_rob_evol 5000 200 0 8000000  31799 1e-8 1000 10000 3 0.5 0.5 1 1 diff_init_rob_evol_8_degree/randinit_0_0_sf8_0_nz_1000_Lv_10000_ga_1_0_1e-8_15 1  0 0 8 &
../../ct_haploid_diff_init_rob_evol 5000 200 0 8000000  2177 1e-8 1000 10000 3 0.5 0.5 1 1 diff_init_rob_evol_8_degree/randinit_0_0_sf8_0_nz_1000_Lv_10000_ga_1_0_1e-8_16 1  0 0 8 &
../../ct_haploid_diff_init_rob_evol 5000 200 0 8000000  24177 1e-8 1000 10000 3 0.5 0.5 1 1 diff_init_rob_evol_8_degree/randinit_0_0_sf8_0_nz_1000_Lv_10000_ga_1_0_1e-8_17 1  0 0 8 &
../../ct_haploid_diff_init_rob_evol 5000 200 0 8000000  2569 1e-8 1000 10000 3 0.5 0.5 1 1 diff_init_rob_evol_8_degree/randinit_0_0_sf8_0_nz_1000_Lv_10000_ga_1_0_1e-8_18 1  0 0 8 &
../../ct_haploid_diff_init_rob_evol 5000 200 0 8000000  2287 1e-8 1000 10000 3 0.5 0.5 1 1 diff_init_rob_evol_8_degree/randinit_0_0_sf8_0_nz_1000_Lv_10000_ga_1_0_1e-8_19 1  0 0 8 &
../../ct_haploid_diff_init_rob_evol 5000 200 0 8000000  4362 1e-8 1000 10000 3 0.5 0.5 1 1 diff_init_rob_evol_8_degree/randinit_0_0_sf8_0_nz_1000_Lv_10000_ga_1_0_1e-8_20 1  0 0 8 &
