../../ct_haploid_diff_init_rob_evol 5000 200 0 8000000  13410 1e-7 1000 10000 3 0.5 0.5 1 1 diff_init_rob_evol_8_degree/randinit_0_0_sf8_0_nz_1000_Lv_10000_ga_1_0_1e-7_1 1  0 0 8 &
../../ct_haploid_diff_init_rob_evol 5000 200 0 8000000  7644 1e-7 1000 10000 3 0.5 0.5 1 1 diff_init_rob_evol_8_degree/randinit_0_0_sf8_0_nz_1000_Lv_10000_ga_1_0_1e-7_2 1  0 0 8 &
../../ct_haploid_diff_init_rob_evol 5000 200 0 8000000  30557 1e-7 1000 10000 3 0.5 0.5 1 1 diff_init_rob_evol_8_degree/randinit_0_0_sf8_0_nz_1000_Lv_10000_ga_1_0_1e-7_3 1  0 0 8 &
../../ct_haploid_diff_init_rob_evol 5000 200 0 8000000  6337 1e-7 1000 10000 3 0.5 0.5 1 1 diff_init_rob_evol_8_degree/randinit_0_0_sf8_0_nz_1000_Lv_10000_ga_1_0_1e-7_4 1  0 0 8 &
../../ct_haploid_diff_init_rob_evol 5000 200 0 8000000  15609 1e-7 1000 10000 3 0.5 0.5 1 1 diff_init_rob_evol_8_degree/randinit_0_0_sf8_0_nz_1000_Lv_10000_ga_1_0_1e-7_5 1  0 0 8 &
../../ct_haploid_diff_init_rob_evol 5000 200 0 8000000  4131 1e-7 1000 10000 3 0.5 0.5 1 1 diff_init_rob_evol_8_degree/randinit_0_0_sf8_0_nz_1000_Lv_10000_ga_1_0_1e-7_6 1  0 0 8 &
../../ct_haploid_diff_init_rob_evol 5000 200 0 8000000  31193 1e-7 1000 10000 3 0.5 0.5 1 1 diff_init_rob_evol_8_degree/randinit_0_0_sf8_0_nz_1000_Lv_10000_ga_1_0_1e-7_7 1  0 0 8 &
../../ct_haploid_diff_init_rob_evol 5000 200 0 8000000  9323 1e-7 1000 10000 3 0.5 0.5 1 1 diff_init_rob_evol_8_degree/randinit_0_0_sf8_0_nz_1000_Lv_10000_ga_1_0_1e-7_8 1  0 0 8 &
../../ct_haploid_diff_init_rob_evol 5000 200 0 8000000  3315 1e-7 1000 10000 3 0.5 0.5 1 1 diff_init_rob_evol_8_degree/randinit_0_0_sf8_0_nz_1000_Lv_10000_ga_1_0_1e-7_9 1  0 0 8 &
../../ct_haploid_diff_init_rob_evol 5000 200 0 8000000  17440 1e-7 1000 10000 3 0.5 0.5 1 1 diff_init_rob_evol_8_degree/randinit_0_0_sf8_0_nz_1000_Lv_10000_ga_1_0_1e-7_10 1  0 0 8 &
../../ct_haploid_diff_init_rob_evol 5000 200 0 8000000  12375 1e-7 1000 10000 3 0.5 0.5 1 1 diff_init_rob_evol_8_degree/randinit_0_0_sf8_0_nz_1000_Lv_10000_ga_1_0_1e-7_11 1  0 0 8 &
../../ct_haploid_diff_init_rob_evol 5000 200 0 8000000  18680 1e-7 1000 10000 3 0.5 0.5 1 1 diff_init_rob_evol_8_degree/randinit_0_0_sf8_0_nz_1000_Lv_10000_ga_1_0_1e-7_12 1  0 0 8 &
../../ct_haploid_diff_init_rob_evol 5000 200 0 8000000  7015 1e-7 1000 10000 3 0.5 0.5 1 1 diff_init_rob_evol_8_degree/randinit_0_0_sf8_0_nz_1000_Lv_10000_ga_1_0_1e-7_13 1  0 0 8 &
../../ct_haploid_diff_init_rob_evol 5000 200 0 8000000  8418 1e-7 1000 10000 3 0.5 0.5 1 1 diff_init_rob_evol_8_degree/randinit_0_0_sf8_0_nz_1000_Lv_10000_ga_1_0_1e-7_14 1  0 0 8 &
../../ct_haploid_diff_init_rob_evol 5000 200 0 8000000  31938 1e-7 1000 10000 3 0.5 0.5 1 1 diff_init_rob_evol_8_degree/randinit_0_0_sf8_0_nz_1000_Lv_10000_ga_1_0_1e-7_15 1  0 0 8 &
../../ct_haploid_diff_init_rob_evol 5000 200 0 8000000  25849 1e-7 1000 10000 3 0.5 0.5 1 1 diff_init_rob_evol_8_degree/randinit_0_0_sf8_0_nz_1000_Lv_10000_ga_1_0_1e-7_16 1  0 0 8 &
../../ct_haploid_diff_init_rob_evol 5000 200 0 8000000  6698 1e-7 1000 10000 3 0.5 0.5 1 1 diff_init_rob_evol_8_degree/randinit_0_0_sf8_0_nz_1000_Lv_10000_ga_1_0_1e-7_17 1  0 0 8 &
../../ct_haploid_diff_init_rob_evol 5000 200 0 8000000  20200 1e-7 1000 10000 3 0.5 0.5 1 1 diff_init_rob_evol_8_degree/randinit_0_0_sf8_0_nz_1000_Lv_10000_ga_1_0_1e-7_18 1  0 0 8 &
../../ct_haploid_diff_init_rob_evol 5000 200 0 8000000  4919 1e-7 1000 10000 3 0.5 0.5 1 1 diff_init_rob_evol_8_degree/randinit_0_0_sf8_0_nz_1000_Lv_10000_ga_1_0_1e-7_19 1  0 0 8 &
../../ct_haploid_diff_init_rob_evol 5000 200 0 8000000  3849 1e-7 1000 10000 3 0.5 0.5 1 1 diff_init_rob_evol_8_degree/randinit_0_0_sf8_0_nz_1000_Lv_10000_ga_1_0_1e-7_20 1  0 0 8 &
