../../ct_haploid_diff_init_rob_evol 5000 200 0 8000000  15977 1e-2 1000 10000 3 0.5 0.5 1 1 diff_init_rob_evol_8_degree/randinit_0_0_sf8_0_nz_1000_Lv_10000_ga_1_0_1e-2_1 1  0 0 8 &
../../ct_haploid_diff_init_rob_evol 5000 200 0 8000000  31941 1e-2 1000 10000 3 0.5 0.5 1 1 diff_init_rob_evol_8_degree/randinit_0_0_sf8_0_nz_1000_Lv_10000_ga_1_0_1e-2_2 1  0 0 8 &
../../ct_haploid_diff_init_rob_evol 5000 200 0 8000000  2544 1e-2 1000 10000 3 0.5 0.5 1 1 diff_init_rob_evol_8_degree/randinit_0_0_sf8_0_nz_1000_Lv_10000_ga_1_0_1e-2_3 1  0 0 8 &
../../ct_haploid_diff_init_rob_evol 5000 200 0 8000000  10525 1e-2 1000 10000 3 0.5 0.5 1 1 diff_init_rob_evol_8_degree/randinit_0_0_sf8_0_nz_1000_Lv_10000_ga_1_0_1e-2_4 1  0 0 8 &
../../ct_haploid_diff_init_rob_evol 5000 200 0 8000000  22233 1e-2 1000 10000 3 0.5 0.5 1 1 diff_init_rob_evol_8_degree/randinit_0_0_sf8_0_nz_1000_Lv_10000_ga_1_0_1e-2_5 1  0 0 8 &
../../ct_haploid_diff_init_rob_evol 5000 200 0 8000000  26845 1e-2 1000 10000 3 0.5 0.5 1 1 diff_init_rob_evol_8_degree/randinit_0_0_sf8_0_nz_1000_Lv_10000_ga_1_0_1e-2_6 1  0 0 8 &
../../ct_haploid_diff_init_rob_evol 5000 200 0 8000000  3114 1e-2 1000 10000 3 0.5 0.5 1 1 diff_init_rob_evol_8_degree/randinit_0_0_sf8_0_nz_1000_Lv_10000_ga_1_0_1e-2_7 1  0 0 8 &
../../ct_haploid_diff_init_rob_evol 5000 200 0 8000000  19964 1e-2 1000 10000 3 0.5 0.5 1 1 diff_init_rob_evol_8_degree/randinit_0_0_sf8_0_nz_1000_Lv_10000_ga_1_0_1e-2_8 1  0 0 8 &
../../ct_haploid_diff_init_rob_evol 5000 200 0 8000000  740 1e-2 1000 10000 3 0.5 0.5 1 1 diff_init_rob_evol_8_degree/randinit_0_0_sf8_0_nz_1000_Lv_10000_ga_1_0_1e-2_9 1  0 0 8 &
../../ct_haploid_diff_init_rob_evol 5000 200 0 8000000  20728 1e-2 1000 10000 3 0.5 0.5 1 1 diff_init_rob_evol_8_degree/randinit_0_0_sf8_0_nz_1000_Lv_10000_ga_1_0_1e-2_10 1  0 0 8 &
../../ct_haploid_diff_init_rob_evol 5000 200 0 8000000  26577 1e-2 1000 10000 3 0.5 0.5 1 1 diff_init_rob_evol_8_degree/randinit_0_0_sf8_0_nz_1000_Lv_10000_ga_1_0_1e-2_11 1  0 0 8 &
../../ct_haploid_diff_init_rob_evol 5000 200 0 8000000  2220 1e-2 1000 10000 3 0.5 0.5 1 1 diff_init_rob_evol_8_degree/randinit_0_0_sf8_0_nz_1000_Lv_10000_ga_1_0_1e-2_12 1  0 0 8 &
../../ct_haploid_diff_init_rob_evol 5000 200 0 8000000  26898 1e-2 1000 10000 3 0.5 0.5 1 1 diff_init_rob_evol_8_degree/randinit_0_0_sf8_0_nz_1000_Lv_10000_ga_1_0_1e-2_13 1  0 0 8 &
../../ct_haploid_diff_init_rob_evol 5000 200 0 8000000  23992 1e-2 1000 10000 3 0.5 0.5 1 1 diff_init_rob_evol_8_degree/randinit_0_0_sf8_0_nz_1000_Lv_10000_ga_1_0_1e-2_14 1  0 0 8 &
../../ct_haploid_diff_init_rob_evol 5000 200 0 8000000  5210 1e-2 1000 10000 3 0.5 0.5 1 1 diff_init_rob_evol_8_degree/randinit_0_0_sf8_0_nz_1000_Lv_10000_ga_1_0_1e-2_15 1  0 0 8 &
../../ct_haploid_diff_init_rob_evol 5000 200 0 8000000  16986 1e-2 1000 10000 3 0.5 0.5 1 1 diff_init_rob_evol_8_degree/randinit_0_0_sf8_0_nz_1000_Lv_10000_ga_1_0_1e-2_16 1  0 0 8 &
../../ct_haploid_diff_init_rob_evol 5000 200 0 8000000  13839 1e-2 1000 10000 3 0.5 0.5 1 1 diff_init_rob_evol_8_degree/randinit_0_0_sf8_0_nz_1000_Lv_10000_ga_1_0_1e-2_17 1  0 0 8 &
../../ct_haploid_diff_init_rob_evol 5000 200 0 8000000  9759 1e-2 1000 10000 3 0.5 0.5 1 1 diff_init_rob_evol_8_degree/randinit_0_0_sf8_0_nz_1000_Lv_10000_ga_1_0_1e-2_18 1  0 0 8 &
../../ct_haploid_diff_init_rob_evol 5000 200 0 8000000  18907 1e-2 1000 10000 3 0.5 0.5 1 1 diff_init_rob_evol_8_degree/randinit_0_0_sf8_0_nz_1000_Lv_10000_ga_1_0_1e-2_19 1  0 0 8 &
../../ct_haploid_diff_init_rob_evol 5000 200 0 8000000  26722 1e-2 1000 10000 3 0.5 0.5 1 1 diff_init_rob_evol_8_degree/randinit_0_0_sf8_0_nz_1000_Lv_10000_ga_1_0_1e-2_20 1  0 0 8 &
