../../ct_haploid_diff_init_rob_evol 5000 200 0.2 8000000  18901 1e-5 1000 10000 3 0.5 0.5 1 1 diff_init_rob_evol_8_degree/randinit_0_0_sf8_0.2_nz_1000_Lv_10000_ga_1_0_1e-5_1 1  0 0 8 &
../../ct_haploid_diff_init_rob_evol 5000 200 0.2 8000000  30569 1e-5 1000 10000 3 0.5 0.5 1 1 diff_init_rob_evol_8_degree/randinit_0_0_sf8_0.2_nz_1000_Lv_10000_ga_1_0_1e-5_2 1  0 0 8 &
../../ct_haploid_diff_init_rob_evol 5000 200 0.2 8000000  19636 1e-5 1000 10000 3 0.5 0.5 1 1 diff_init_rob_evol_8_degree/randinit_0_0_sf8_0.2_nz_1000_Lv_10000_ga_1_0_1e-5_3 1  0 0 8 &
../../ct_haploid_diff_init_rob_evol 5000 200 0.2 8000000  24947 1e-5 1000 10000 3 0.5 0.5 1 1 diff_init_rob_evol_8_degree/randinit_0_0_sf8_0.2_nz_1000_Lv_10000_ga_1_0_1e-5_4 1  0 0 8 &
../../ct_haploid_diff_init_rob_evol 5000 200 0.2 8000000  26721 1e-5 1000 10000 3 0.5 0.5 1 1 diff_init_rob_evol_8_degree/randinit_0_0_sf8_0.2_nz_1000_Lv_10000_ga_1_0_1e-5_5 1  0 0 8 &
../../ct_haploid_diff_init_rob_evol 5000 200 0.2 8000000  23231 1e-5 1000 10000 3 0.5 0.5 1 1 diff_init_rob_evol_8_degree/randinit_0_0_sf8_0.2_nz_1000_Lv_10000_ga_1_0_1e-5_6 1  0 0 8 &
../../ct_haploid_diff_init_rob_evol 5000 200 0.2 8000000  21956 1e-5 1000 10000 3 0.5 0.5 1 1 diff_init_rob_evol_8_degree/randinit_0_0_sf8_0.2_nz_1000_Lv_10000_ga_1_0_1e-5_7 1  0 0 8 &
../../ct_haploid_diff_init_rob_evol 5000 200 0.2 8000000  17639 1e-5 1000 10000 3 0.5 0.5 1 1 diff_init_rob_evol_8_degree/randinit_0_0_sf8_0.2_nz_1000_Lv_10000_ga_1_0_1e-5_8 1  0 0 8 &
../../ct_haploid_diff_init_rob_evol 5000 200 0.2 8000000  13417 1e-5 1000 10000 3 0.5 0.5 1 1 diff_init_rob_evol_8_degree/randinit_0_0_sf8_0.2_nz_1000_Lv_10000_ga_1_0_1e-5_9 1  0 0 8 &
../../ct_haploid_diff_init_rob_evol 5000 200 0.2 8000000  3664 1e-5 1000 10000 3 0.5 0.5 1 1 diff_init_rob_evol_8_degree/randinit_0_0_sf8_0.2_nz_1000_Lv_10000_ga_1_0_1e-5_10 1  0 0 8 &
../../ct_haploid_diff_init_rob_evol 5000 200 0.2 8000000  20983 1e-5 1000 10000 3 0.5 0.5 1 1 diff_init_rob_evol_8_degree/randinit_0_0_sf8_0.2_nz_1000_Lv_10000_ga_1_0_1e-5_11 1  0 0 8 &
../../ct_haploid_diff_init_rob_evol 5000 200 0.2 8000000  17869 1e-5 1000 10000 3 0.5 0.5 1 1 diff_init_rob_evol_8_degree/randinit_0_0_sf8_0.2_nz_1000_Lv_10000_ga_1_0_1e-5_12 1  0 0 8 &
../../ct_haploid_diff_init_rob_evol 5000 200 0.2 8000000  18246 1e-5 1000 10000 3 0.5 0.5 1 1 diff_init_rob_evol_8_degree/randinit_0_0_sf8_0.2_nz_1000_Lv_10000_ga_1_0_1e-5_13 1  0 0 8 &
../../ct_haploid_diff_init_rob_evol 5000 200 0.2 8000000  23494 1e-5 1000 10000 3 0.5 0.5 1 1 diff_init_rob_evol_8_degree/randinit_0_0_sf8_0.2_nz_1000_Lv_10000_ga_1_0_1e-5_14 1  0 0 8 &
../../ct_haploid_diff_init_rob_evol 5000 200 0.2 8000000  14147 1e-5 1000 10000 3 0.5 0.5 1 1 diff_init_rob_evol_8_degree/randinit_0_0_sf8_0.2_nz_1000_Lv_10000_ga_1_0_1e-5_15 1  0 0 8 &
../../ct_haploid_diff_init_rob_evol 5000 200 0.2 8000000  12227 1e-5 1000 10000 3 0.5 0.5 1 1 diff_init_rob_evol_8_degree/randinit_0_0_sf8_0.2_nz_1000_Lv_10000_ga_1_0_1e-5_16 1  0 0 8 &
../../ct_haploid_diff_init_rob_evol 5000 200 0.2 8000000  26357 1e-5 1000 10000 3 0.5 0.5 1 1 diff_init_rob_evol_8_degree/randinit_0_0_sf8_0.2_nz_1000_Lv_10000_ga_1_0_1e-5_17 1  0 0 8 &
../../ct_haploid_diff_init_rob_evol 5000 200 0.2 8000000  5546 1e-5 1000 10000 3 0.5 0.5 1 1 diff_init_rob_evol_8_degree/randinit_0_0_sf8_0.2_nz_1000_Lv_10000_ga_1_0_1e-5_18 1  0 0 8 &
../../ct_haploid_diff_init_rob_evol 5000 200 0.2 8000000  28668 1e-5 1000 10000 3 0.5 0.5 1 1 diff_init_rob_evol_8_degree/randinit_0_0_sf8_0.2_nz_1000_Lv_10000_ga_1_0_1e-5_19 1  0 0 8 &
../../ct_haploid_diff_init_rob_evol 5000 200 0.2 8000000  7491 1e-5 1000 10000 3 0.5 0.5 1 1 diff_init_rob_evol_8_degree/randinit_0_0_sf8_0.2_nz_1000_Lv_10000_ga_1_0_1e-5_20 1  0 0 8 &
