../../ct_haploid_diff_init_rob_evol 5000 200 0.1 8000000  6307 1e-5 1000 10000 3 0.5 0.5 1 1 diff_init_rob_evol_8_degree/randinit_0_0_sf8_0.1_nz_1000_Lv_10000_ga_1_0_1e-5_1 1  0 0 8 &
../../ct_haploid_diff_init_rob_evol 5000 200 0.1 8000000  5530 1e-5 1000 10000 3 0.5 0.5 1 1 diff_init_rob_evol_8_degree/randinit_0_0_sf8_0.1_nz_1000_Lv_10000_ga_1_0_1e-5_2 1  0 0 8 &
../../ct_haploid_diff_init_rob_evol 5000 200 0.1 8000000  24931 1e-5 1000 10000 3 0.5 0.5 1 1 diff_init_rob_evol_8_degree/randinit_0_0_sf8_0.1_nz_1000_Lv_10000_ga_1_0_1e-5_3 1  0 0 8 &
../../ct_haploid_diff_init_rob_evol 5000 200 0.1 8000000  25201 1e-5 1000 10000 3 0.5 0.5 1 1 diff_init_rob_evol_8_degree/randinit_0_0_sf8_0.1_nz_1000_Lv_10000_ga_1_0_1e-5_4 1  0 0 8 &
../../ct_haploid_diff_init_rob_evol 5000 200 0.1 8000000  28424 1e-5 1000 10000 3 0.5 0.5 1 1 diff_init_rob_evol_8_degree/randinit_0_0_sf8_0.1_nz_1000_Lv_10000_ga_1_0_1e-5_5 1  0 0 8 &
../../ct_haploid_diff_init_rob_evol 5000 200 0.1 8000000  8514 1e-5 1000 10000 3 0.5 0.5 1 1 diff_init_rob_evol_8_degree/randinit_0_0_sf8_0.1_nz_1000_Lv_10000_ga_1_0_1e-5_6 1  0 0 8 &
../../ct_haploid_diff_init_rob_evol 5000 200 0.1 8000000  30034 1e-5 1000 10000 3 0.5 0.5 1 1 diff_init_rob_evol_8_degree/randinit_0_0_sf8_0.1_nz_1000_Lv_10000_ga_1_0_1e-5_7 1  0 0 8 &
../../ct_haploid_diff_init_rob_evol 5000 200 0.1 8000000  31259 1e-5 1000 10000 3 0.5 0.5 1 1 diff_init_rob_evol_8_degree/randinit_0_0_sf8_0.1_nz_1000_Lv_10000_ga_1_0_1e-5_8 1  0 0 8 &
../../ct_haploid_diff_init_rob_evol 5000 200 0.1 8000000  3504 1e-5 1000 10000 3 0.5 0.5 1 1 diff_init_rob_evol_8_degree/randinit_0_0_sf8_0.1_nz_1000_Lv_10000_ga_1_0_1e-5_9 1  0 0 8 &
../../ct_haploid_diff_init_rob_evol 5000 200 0.1 8000000  13494 1e-5 1000 10000 3 0.5 0.5 1 1 diff_init_rob_evol_8_degree/randinit_0_0_sf8_0.1_nz_1000_Lv_10000_ga_1_0_1e-5_10 1  0 0 8 &
../../ct_haploid_diff_init_rob_evol 5000 200 0.1 8000000  7399 1e-5 1000 10000 3 0.5 0.5 1 1 diff_init_rob_evol_8_degree/randinit_0_0_sf8_0.1_nz_1000_Lv_10000_ga_1_0_1e-5_11 1  0 0 8 &
../../ct_haploid_diff_init_rob_evol 5000 200 0.1 8000000  13495 1e-5 1000 10000 3 0.5 0.5 1 1 diff_init_rob_evol_8_degree/randinit_0_0_sf8_0.1_nz_1000_Lv_10000_ga_1_0_1e-5_12 1  0 0 8 &
../../ct_haploid_diff_init_rob_evol 5000 200 0.1 8000000  28343 1e-5 1000 10000 3 0.5 0.5 1 1 diff_init_rob_evol_8_degree/randinit_0_0_sf8_0.1_nz_1000_Lv_10000_ga_1_0_1e-5_13 1  0 0 8 &
../../ct_haploid_diff_init_rob_evol 5000 200 0.1 8000000  18902 1e-5 1000 10000 3 0.5 0.5 1 1 diff_init_rob_evol_8_degree/randinit_0_0_sf8_0.1_nz_1000_Lv_10000_ga_1_0_1e-5_14 1  0 0 8 &
../../ct_haploid_diff_init_rob_evol 5000 200 0.1 8000000  4234 1e-5 1000 10000 3 0.5 0.5 1 1 diff_init_rob_evol_8_degree/randinit_0_0_sf8_0.1_nz_1000_Lv_10000_ga_1_0_1e-5_15 1  0 0 8 &
../../ct_haploid_diff_init_rob_evol 5000 200 0.1 8000000  22889 1e-5 1000 10000 3 0.5 0.5 1 1 diff_init_rob_evol_8_degree/randinit_0_0_sf8_0.1_nz_1000_Lv_10000_ga_1_0_1e-5_16 1  0 0 8 &
../../ct_haploid_diff_init_rob_evol 5000 200 0.1 8000000  3225 1e-5 1000 10000 3 0.5 0.5 1 1 diff_init_rob_evol_8_degree/randinit_0_0_sf8_0.1_nz_1000_Lv_10000_ga_1_0_1e-5_17 1  0 0 8 &
../../ct_haploid_diff_init_rob_evol 5000 200 0.1 8000000  7190 1e-5 1000 10000 3 0.5 0.5 1 1 diff_init_rob_evol_8_degree/randinit_0_0_sf8_0.1_nz_1000_Lv_10000_ga_1_0_1e-5_18 1  0 0 8 &
../../ct_haploid_diff_init_rob_evol 5000 200 0.1 8000000  1443 1e-5 1000 10000 3 0.5 0.5 1 1 diff_init_rob_evol_8_degree/randinit_0_0_sf8_0.1_nz_1000_Lv_10000_ga_1_0_1e-5_19 1  0 0 8 &
../../ct_haploid_diff_init_rob_evol 5000 200 0.1 8000000  12628 1e-5 1000 10000 3 0.5 0.5 1 1 diff_init_rob_evol_8_degree/randinit_0_0_sf8_0.1_nz_1000_Lv_10000_ga_1_0_1e-5_20 1  0 0 8 &
