../../ct_haploid_diff_init_rob_evol 5000 200 0 8000000  21223 1e-4 1000 10000 3 0.5 0.5 1 1 diff_init_rob_evol_8_degree/randinit_0_0_sf8_0_nz_1000_Lv_10000_ga_1_0_1e-4_1 1  0 0 8 &
../../ct_haploid_diff_init_rob_evol 5000 200 0 8000000  21149 1e-4 1000 10000 3 0.5 0.5 1 1 diff_init_rob_evol_8_degree/randinit_0_0_sf8_0_nz_1000_Lv_10000_ga_1_0_1e-4_2 1  0 0 8 &
../../ct_haploid_diff_init_rob_evol 5000 200 0 8000000  22751 1e-4 1000 10000 3 0.5 0.5 1 1 diff_init_rob_evol_8_degree/randinit_0_0_sf8_0_nz_1000_Lv_10000_ga_1_0_1e-4_3 1  0 0 8 &
../../ct_haploid_diff_init_rob_evol 5000 200 0 8000000  6619 1e-4 1000 10000 3 0.5 0.5 1 1 diff_init_rob_evol_8_degree/randinit_0_0_sf8_0_nz_1000_Lv_10000_ga_1_0_1e-4_4 1  0 0 8 &
../../ct_haploid_diff_init_rob_evol 5000 200 0 8000000  32373 1e-4 1000 10000 3 0.5 0.5 1 1 diff_init_rob_evol_8_degree/randinit_0_0_sf8_0_nz_1000_Lv_10000_ga_1_0_1e-4_5 1  0 0 8 &
../../ct_haploid_diff_init_rob_evol 5000 200 0 8000000  19021 1e-4 1000 10000 3 0.5 0.5 1 1 diff_init_rob_evol_8_degree/randinit_0_0_sf8_0_nz_1000_Lv_10000_ga_1_0_1e-4_6 1  0 0 8 &
../../ct_haploid_diff_init_rob_evol 5000 200 0 8000000  10574 1e-4 1000 10000 3 0.5 0.5 1 1 diff_init_rob_evol_8_degree/randinit_0_0_sf8_0_nz_1000_Lv_10000_ga_1_0_1e-4_7 1  0 0 8 &
../../ct_haploid_diff_init_rob_evol 5000 200 0 8000000  21912 1e-4 1000 10000 3 0.5 0.5 1 1 diff_init_rob_evol_8_degree/randinit_0_0_sf8_0_nz_1000_Lv_10000_ga_1_0_1e-4_8 1  0 0 8 &
../../ct_haploid_diff_init_rob_evol 5000 200 0 8000000  31904 1e-4 1000 10000 3 0.5 0.5 1 1 diff_init_rob_evol_8_degree/randinit_0_0_sf8_0_nz_1000_Lv_10000_ga_1_0_1e-4_9 1  0 0 8 &
../../ct_haploid_diff_init_rob_evol 5000 200 0 8000000  10316 1e-4 1000 10000 3 0.5 0.5 1 1 diff_init_rob_evol_8_degree/randinit_0_0_sf8_0_nz_1000_Lv_10000_ga_1_0_1e-4_10 1  0 0 8 &
../../ct_haploid_diff_init_rob_evol 5000 200 0 8000000  11072 1e-4 1000 10000 3 0.5 0.5 1 1 diff_init_rob_evol_8_degree/randinit_0_0_sf8_0_nz_1000_Lv_10000_ga_1_0_1e-4_11 1  0 0 8 &
../../ct_haploid_diff_init_rob_evol 5000 200 0 8000000  9894 1e-4 1000 10000 3 0.5 0.5 1 1 diff_init_rob_evol_8_degree/randinit_0_0_sf8_0_nz_1000_Lv_10000_ga_1_0_1e-4_12 1  0 0 8 &
../../ct_haploid_diff_init_rob_evol 5000 200 0 8000000  31307 1e-4 1000 10000 3 0.5 0.5 1 1 diff_init_rob_evol_8_degree/randinit_0_0_sf8_0_nz_1000_Lv_10000_ga_1_0_1e-4_13 1  0 0 8 &
../../ct_haploid_diff_init_rob_evol 5000 200 0 8000000  27723 1e-4 1000 10000 3 0.5 0.5 1 1 diff_init_rob_evol_8_degree/randinit_0_0_sf8_0_nz_1000_Lv_10000_ga_1_0_1e-4_14 1  0 0 8 &
../../ct_haploid_diff_init_rob_evol 5000 200 0 8000000  23017 1e-4 1000 10000 3 0.5 0.5 1 1 diff_init_rob_evol_8_degree/randinit_0_0_sf8_0_nz_1000_Lv_10000_ga_1_0_1e-4_15 1  0 0 8 &
../../ct_haploid_diff_init_rob_evol 5000 200 0 8000000  28549 1e-4 1000 10000 3 0.5 0.5 1 1 diff_init_rob_evol_8_degree/randinit_0_0_sf8_0_nz_1000_Lv_10000_ga_1_0_1e-4_16 1  0 0 8 &
../../ct_haploid_diff_init_rob_evol 5000 200 0 8000000  6081 1e-4 1000 10000 3 0.5 0.5 1 1 diff_init_rob_evol_8_degree/randinit_0_0_sf8_0_nz_1000_Lv_10000_ga_1_0_1e-4_17 1  0 0 8 &
../../ct_haploid_diff_init_rob_evol 5000 200 0 8000000  14371 1e-4 1000 10000 3 0.5 0.5 1 1 diff_init_rob_evol_8_degree/randinit_0_0_sf8_0_nz_1000_Lv_10000_ga_1_0_1e-4_18 1  0 0 8 &
../../ct_haploid_diff_init_rob_evol 5000 200 0 8000000  15402 1e-4 1000 10000 3 0.5 0.5 1 1 diff_init_rob_evol_8_degree/randinit_0_0_sf8_0_nz_1000_Lv_10000_ga_1_0_1e-4_19 1  0 0 8 &
../../ct_haploid_diff_init_rob_evol 5000 200 0 8000000  30338 1e-4 1000 10000 3 0.5 0.5 1 1 diff_init_rob_evol_8_degree/randinit_0_0_sf8_0_nz_1000_Lv_10000_ga_1_0_1e-4_20 1  0 0 8 &
