../../ct_haploid_diff_init_rob_evol 5000 200 0 8000000  25690 0.1 1000 10000 3 0.5 0.5 1 1 diff_init_rob_evol_8_degree/randinit_0_0_sf8_0_nz_1000_Lv_10000_ga_1_0_0.1_1 1  0 0 8 &
../../ct_haploid_diff_init_rob_evol 5000 200 0 8000000  31949 0.1 1000 10000 3 0.5 0.5 1 1 diff_init_rob_evol_8_degree/randinit_0_0_sf8_0_nz_1000_Lv_10000_ga_1_0_0.1_2 1  0 0 8 &
../../ct_haploid_diff_init_rob_evol 5000 200 0 8000000  2250 0.1 1000 10000 3 0.5 0.5 1 1 diff_init_rob_evol_8_degree/randinit_0_0_sf8_0_nz_1000_Lv_10000_ga_1_0_0.1_3 1  0 0 8 &
../../ct_haploid_diff_init_rob_evol 5000 200 0 8000000  11750 0.1 1000 10000 3 0.5 0.5 1 1 diff_init_rob_evol_8_degree/randinit_0_0_sf8_0_nz_1000_Lv_10000_ga_1_0_0.1_4 1  0 0 8 &
../../ct_haploid_diff_init_rob_evol 5000 200 0 8000000  27346 0.1 1000 10000 3 0.5 0.5 1 1 diff_init_rob_evol_8_degree/randinit_0_0_sf8_0_nz_1000_Lv_10000_ga_1_0_0.1_5 1  0 0 8 &
../../ct_haploid_diff_init_rob_evol 5000 200 0 8000000  5268 0.1 1000 10000 3 0.5 0.5 1 1 diff_init_rob_evol_8_degree/randinit_0_0_sf8_0_nz_1000_Lv_10000_ga_1_0_0.1_6 1  0 0 8 &
../../ct_haploid_diff_init_rob_evol 5000 200 0 8000000  2750 0.1 1000 10000 3 0.5 0.5 1 1 diff_init_rob_evol_8_degree/randinit_0_0_sf8_0_nz_1000_Lv_10000_ga_1_0_0.1_7 1  0 0 8 &
../../ct_haploid_diff_init_rob_evol 5000 200 0 8000000  24626 0.1 1000 10000 3 0.5 0.5 1 1 diff_init_rob_evol_8_degree/randinit_0_0_sf8_0_nz_1000_Lv_10000_ga_1_0_0.1_8 1  0 0 8 &
../../ct_haploid_diff_init_rob_evol 5000 200 0 8000000  6206 0.1 1000 10000 3 0.5 0.5 1 1 diff_init_rob_evol_8_degree/randinit_0_0_sf8_0_nz_1000_Lv_10000_ga_1_0_0.1_9 1  0 0 8 &
../../ct_haploid_diff_init_rob_evol 5000 200 0 8000000  9850 0.1 1000 10000 3 0.5 0.5 1 1 diff_init_rob_evol_8_degree/randinit_0_0_sf8_0_nz_1000_Lv_10000_ga_1_0_0.1_10 1  0 0 8 &
../../ct_haploid_diff_init_rob_evol 5000 200 0 8000000  20210 0.1 1000 10000 3 0.5 0.5 1 1 diff_init_rob_evol_8_degree/randinit_0_0_sf8_0_nz_1000_Lv_10000_ga_1_0_0.1_11 1  0 0 8 &
../../ct_haploid_diff_init_rob_evol 5000 200 0 8000000  1198 0.1 1000 10000 3 0.5 0.5 1 1 diff_init_rob_evol_8_degree/randinit_0_0_sf8_0_nz_1000_Lv_10000_ga_1_0_0.1_12 1  0 0 8 &
../../ct_haploid_diff_init_rob_evol 5000 200 0 8000000  25814 0.1 1000 10000 3 0.5 0.5 1 1 diff_init_rob_evol_8_degree/randinit_0_0_sf8_0_nz_1000_Lv_10000_ga_1_0_0.1_13 1  0 0 8 &
../../ct_haploid_diff_init_rob_evol 5000 200 0 8000000  16844 0.1 1000 10000 3 0.5 0.5 1 1 diff_init_rob_evol_8_degree/randinit_0_0_sf8_0_nz_1000_Lv_10000_ga_1_0_0.1_14 1  0 0 8 &
../../ct_haploid_diff_init_rob_evol 5000 200 0 8000000  25638 0.1 1000 10000 3 0.5 0.5 1 1 diff_init_rob_evol_8_degree/randinit_0_0_sf8_0_nz_1000_Lv_10000_ga_1_0_0.1_15 1  0 0 8 &
../../ct_haploid_diff_init_rob_evol 5000 200 0 8000000  12887 0.1 1000 10000 3 0.5 0.5 1 1 diff_init_rob_evol_8_degree/randinit_0_0_sf8_0_nz_1000_Lv_10000_ga_1_0_0.1_16 1  0 0 8 &
../../ct_haploid_diff_init_rob_evol 5000 200 0 8000000  30009 0.1 1000 10000 3 0.5 0.5 1 1 diff_init_rob_evol_8_degree/randinit_0_0_sf8_0_nz_1000_Lv_10000_ga_1_0_0.1_17 1  0 0 8 &
../../ct_haploid_diff_init_rob_evol 5000 200 0 8000000  8615 0.1 1000 10000 3 0.5 0.5 1 1 diff_init_rob_evol_8_degree/randinit_0_0_sf8_0_nz_1000_Lv_10000_ga_1_0_0.1_18 1  0 0 8 &
../../ct_haploid_diff_init_rob_evol 5000 200 0 8000000  27842 0.1 1000 10000 3 0.5 0.5 1 1 diff_init_rob_evol_8_degree/randinit_0_0_sf8_0_nz_1000_Lv_10000_ga_1_0_0.1_19 1  0 0 8 &
../../ct_haploid_diff_init_rob_evol 5000 200 0 8000000  15305 0.1 1000 10000 3 0.5 0.5 1 1 diff_init_rob_evol_8_degree/randinit_0_0_sf8_0_nz_1000_Lv_10000_ga_1_0_0.1_20 1  0 0 8 &
