../../ct_haploid_diff_init_rob_evol 5000 200 0 8000000  132 1e-3 1000 10000 3 0.5 0.5 1 1 diff_init_rob_evol_8_degree/randinit_0_0_sf8_0_nz_1000_Lv_10000_ga_1_0_1e-3_1 1  0 0 8 &
../../ct_haploid_diff_init_rob_evol 5000 200 0 8000000  5876 1e-3 1000 10000 3 0.5 0.5 1 1 diff_init_rob_evol_8_degree/randinit_0_0_sf8_0_nz_1000_Lv_10000_ga_1_0_1e-3_2 1  0 0 8 &
../../ct_haploid_diff_init_rob_evol 5000 200 0 8000000  8440 1e-3 1000 10000 3 0.5 0.5 1 1 diff_init_rob_evol_8_degree/randinit_0_0_sf8_0_nz_1000_Lv_10000_ga_1_0_1e-3_3 1  0 0 8 &
../../ct_haploid_diff_init_rob_evol 5000 200 0 8000000  31583 1e-3 1000 10000 3 0.5 0.5 1 1 diff_init_rob_evol_8_degree/randinit_0_0_sf8_0_nz_1000_Lv_10000_ga_1_0_1e-3_4 1  0 0 8 &
../../ct_haploid_diff_init_rob_evol 5000 200 0 8000000  16266 1e-3 1000 10000 3 0.5 0.5 1 1 diff_init_rob_evol_8_degree/randinit_0_0_sf8_0_nz_1000_Lv_10000_ga_1_0_1e-3_5 1  0 0 8 &
../../ct_haploid_diff_init_rob_evol 5000 200 0 8000000  32565 1e-3 1000 10000 3 0.5 0.5 1 1 diff_init_rob_evol_8_degree/randinit_0_0_sf8_0_nz_1000_Lv_10000_ga_1_0_1e-3_6 1  0 0 8 &
../../ct_haploid_diff_init_rob_evol 5000 200 0 8000000  32147 1e-3 1000 10000 3 0.5 0.5 1 1 diff_init_rob_evol_8_degree/randinit_0_0_sf8_0_nz_1000_Lv_10000_ga_1_0_1e-3_7 1  0 0 8 &
../../ct_haploid_diff_init_rob_evol 5000 200 0 8000000  24600 1e-3 1000 10000 3 0.5 0.5 1 1 diff_init_rob_evol_8_degree/randinit_0_0_sf8_0_nz_1000_Lv_10000_ga_1_0_1e-3_8 1  0 0 8 &
../../ct_haploid_diff_init_rob_evol 5000 200 0 8000000  28548 1e-3 1000 10000 3 0.5 0.5 1 1 diff_init_rob_evol_8_degree/randinit_0_0_sf8_0_nz_1000_Lv_10000_ga_1_0_1e-3_9 1  0 0 8 &
../../ct_haploid_diff_init_rob_evol 5000 200 0 8000000  17228 1e-3 1000 10000 3 0.5 0.5 1 1 diff_init_rob_evol_8_degree/randinit_0_0_sf8_0_nz_1000_Lv_10000_ga_1_0_1e-3_10 1  0 0 8 &
../../ct_haploid_diff_init_rob_evol 5000 200 0 8000000  24600 1e-3 1000 10000 3 0.5 0.5 1 1 diff_init_rob_evol_8_degree/randinit_0_0_sf8_0_nz_1000_Lv_10000_ga_1_0_1e-3_11 1  0 0 8 &
../../ct_haploid_diff_init_rob_evol 5000 200 0 8000000  29377 1e-3 1000 10000 3 0.5 0.5 1 1 diff_init_rob_evol_8_degree/randinit_0_0_sf8_0_nz_1000_Lv_10000_ga_1_0_1e-3_12 1  0 0 8 &
../../ct_haploid_diff_init_rob_evol 5000 200 0 8000000  1655 1e-3 1000 10000 3 0.5 0.5 1 1 diff_init_rob_evol_8_degree/randinit_0_0_sf8_0_nz_1000_Lv_10000_ga_1_0_1e-3_13 1  0 0 8 &
../../ct_haploid_diff_init_rob_evol 5000 200 0 8000000  4389 1e-3 1000 10000 3 0.5 0.5 1 1 diff_init_rob_evol_8_degree/randinit_0_0_sf8_0_nz_1000_Lv_10000_ga_1_0_1e-3_14 1  0 0 8 &
../../ct_haploid_diff_init_rob_evol 5000 200 0 8000000  20634 1e-3 1000 10000 3 0.5 0.5 1 1 diff_init_rob_evol_8_degree/randinit_0_0_sf8_0_nz_1000_Lv_10000_ga_1_0_1e-3_15 1  0 0 8 &
../../ct_haploid_diff_init_rob_evol 5000 200 0 8000000  18105 1e-3 1000 10000 3 0.5 0.5 1 1 diff_init_rob_evol_8_degree/randinit_0_0_sf8_0_nz_1000_Lv_10000_ga_1_0_1e-3_16 1  0 0 8 &
../../ct_haploid_diff_init_rob_evol 5000 200 0 8000000  15300 1e-3 1000 10000 3 0.5 0.5 1 1 diff_init_rob_evol_8_degree/randinit_0_0_sf8_0_nz_1000_Lv_10000_ga_1_0_1e-3_17 1  0 0 8 &
../../ct_haploid_diff_init_rob_evol 5000 200 0 8000000  26838 1e-3 1000 10000 3 0.5 0.5 1 1 diff_init_rob_evol_8_degree/randinit_0_0_sf8_0_nz_1000_Lv_10000_ga_1_0_1e-3_18 1  0 0 8 &
../../ct_haploid_diff_init_rob_evol 5000 200 0 8000000  22278 1e-3 1000 10000 3 0.5 0.5 1 1 diff_init_rob_evol_8_degree/randinit_0_0_sf8_0_nz_1000_Lv_10000_ga_1_0_1e-3_19 1  0 0 8 &
../../ct_haploid_diff_init_rob_evol 5000 200 0 8000000  32466 1e-3 1000 10000 3 0.5 0.5 1 1 diff_init_rob_evol_8_degree/randinit_0_0_sf8_0_nz_1000_Lv_10000_ga_1_0_1e-3_20 1  0 0 8 &
