../../ct_haploid_diff_init_rob_evol 5000 200 0 8000000  24181 1e-6 1000 10000 3 0.5 0.5 1 1 diff_init_rob_evol_8_degree/randinit_0_0_sf8_0_nz_1000_Lv_10000_ga_1_0_1e-6_1 1  0 0 8 &
../../ct_haploid_diff_init_rob_evol 5000 200 0 8000000  3891 1e-6 1000 10000 3 0.5 0.5 1 1 diff_init_rob_evol_8_degree/randinit_0_0_sf8_0_nz_1000_Lv_10000_ga_1_0_1e-6_2 1  0 0 8 &
../../ct_haploid_diff_init_rob_evol 5000 200 0 8000000  3365 1e-6 1000 10000 3 0.5 0.5 1 1 diff_init_rob_evol_8_degree/randinit_0_0_sf8_0_nz_1000_Lv_10000_ga_1_0_1e-6_3 1  0 0 8 &
../../ct_haploid_diff_init_rob_evol 5000 200 0 8000000  6430 1e-6 1000 10000 3 0.5 0.5 1 1 diff_init_rob_evol_8_degree/randinit_0_0_sf8_0_nz_1000_Lv_10000_ga_1_0_1e-6_4 1  0 0 8 &
../../ct_haploid_diff_init_rob_evol 5000 200 0 8000000  9108 1e-6 1000 10000 3 0.5 0.5 1 1 diff_init_rob_evol_8_degree/randinit_0_0_sf8_0_nz_1000_Lv_10000_ga_1_0_1e-6_5 1  0 0 8 &
../../ct_haploid_diff_init_rob_evol 5000 200 0 8000000  20645 1e-6 1000 10000 3 0.5 0.5 1 1 diff_init_rob_evol_8_degree/randinit_0_0_sf8_0_nz_1000_Lv_10000_ga_1_0_1e-6_6 1  0 0 8 &
../../ct_haploid_diff_init_rob_evol 5000 200 0 8000000  13954 1e-6 1000 10000 3 0.5 0.5 1 1 diff_init_rob_evol_8_degree/randinit_0_0_sf8_0_nz_1000_Lv_10000_ga_1_0_1e-6_7 1  0 0 8 &
../../ct_haploid_diff_init_rob_evol 5000 200 0 8000000  4311 1e-6 1000 10000 3 0.5 0.5 1 1 diff_init_rob_evol_8_degree/randinit_0_0_sf8_0_nz_1000_Lv_10000_ga_1_0_1e-6_8 1  0 0 8 &
../../ct_haploid_diff_init_rob_evol 5000 200 0 8000000  19290 1e-6 1000 10000 3 0.5 0.5 1 1 diff_init_rob_evol_8_degree/randinit_0_0_sf8_0_nz_1000_Lv_10000_ga_1_0_1e-6_9 1  0 0 8 &
../../ct_haploid_diff_init_rob_evol 5000 200 0 8000000  4261 1e-6 1000 10000 3 0.5 0.5 1 1 diff_init_rob_evol_8_degree/randinit_0_0_sf8_0_nz_1000_Lv_10000_ga_1_0_1e-6_10 1  0 0 8 &
../../ct_haploid_diff_init_rob_evol 5000 200 0 8000000  22835 1e-6 1000 10000 3 0.5 0.5 1 1 diff_init_rob_evol_8_degree/randinit_0_0_sf8_0_nz_1000_Lv_10000_ga_1_0_1e-6_11 1  0 0 8 &
../../ct_haploid_diff_init_rob_evol 5000 200 0 8000000  22639 1e-6 1000 10000 3 0.5 0.5 1 1 diff_init_rob_evol_8_degree/randinit_0_0_sf8_0_nz_1000_Lv_10000_ga_1_0_1e-6_12 1  0 0 8 &
../../ct_haploid_diff_init_rob_evol 5000 200 0 8000000  32387 1e-6 1000 10000 3 0.5 0.5 1 1 diff_init_rob_evol_8_degree/randinit_0_0_sf8_0_nz_1000_Lv_10000_ga_1_0_1e-6_13 1  0 0 8 &
../../ct_haploid_diff_init_rob_evol 5000 200 0 8000000  275 1e-6 1000 10000 3 0.5 0.5 1 1 diff_init_rob_evol_8_degree/randinit_0_0_sf8_0_nz_1000_Lv_10000_ga_1_0_1e-6_14 1  0 0 8 &
../../ct_haploid_diff_init_rob_evol 5000 200 0 8000000  12796 1e-6 1000 10000 3 0.5 0.5 1 1 diff_init_rob_evol_8_degree/randinit_0_0_sf8_0_nz_1000_Lv_10000_ga_1_0_1e-6_15 1  0 0 8 &
../../ct_haploid_diff_init_rob_evol 5000 200 0 8000000  12069 1e-6 1000 10000 3 0.5 0.5 1 1 diff_init_rob_evol_8_degree/randinit_0_0_sf8_0_nz_1000_Lv_10000_ga_1_0_1e-6_16 1  0 0 8 &
../../ct_haploid_diff_init_rob_evol 5000 200 0 8000000  25189 1e-6 1000 10000 3 0.5 0.5 1 1 diff_init_rob_evol_8_degree/randinit_0_0_sf8_0_nz_1000_Lv_10000_ga_1_0_1e-6_17 1  0 0 8 &
../../ct_haploid_diff_init_rob_evol 5000 200 0 8000000  27506 1e-6 1000 10000 3 0.5 0.5 1 1 diff_init_rob_evol_8_degree/randinit_0_0_sf8_0_nz_1000_Lv_10000_ga_1_0_1e-6_18 1  0 0 8 &
../../ct_haploid_diff_init_rob_evol 5000 200 0 8000000  3050 1e-6 1000 10000 3 0.5 0.5 1 1 diff_init_rob_evol_8_degree/randinit_0_0_sf8_0_nz_1000_Lv_10000_ga_1_0_1e-6_19 1  0 0 8 &
../../ct_haploid_diff_init_rob_evol 5000 200 0 8000000  27188 1e-6 1000 10000 3 0.5 0.5 1 1 diff_init_rob_evol_8_degree/randinit_0_0_sf8_0_nz_1000_Lv_10000_ga_1_0_1e-6_20 1  0 0 8 &
