../../ct_haploid_diff_init_rob_evol 5000 200 0 8000000  9382 1e-5 1000 10000 3 0.5 0.5 1 1 diff_init_rob_evol_8_degree/randinit_0_0_sf8_0_nz_1000_Lv_10000_ga_1_0_1e-5_1 1  0 0 8 &
../../ct_haploid_diff_init_rob_evol 5000 200 0 8000000  4049 1e-5 1000 10000 3 0.5 0.5 1 1 diff_init_rob_evol_8_degree/randinit_0_0_sf8_0_nz_1000_Lv_10000_ga_1_0_1e-5_2 1  0 0 8 &
../../ct_haploid_diff_init_rob_evol 5000 200 0 8000000  27973 1e-5 1000 10000 3 0.5 0.5 1 1 diff_init_rob_evol_8_degree/randinit_0_0_sf8_0_nz_1000_Lv_10000_ga_1_0_1e-5_3 1  0 0 8 &
../../ct_haploid_diff_init_rob_evol 5000 200 0 8000000  23183 1e-5 1000 10000 3 0.5 0.5 1 1 diff_init_rob_evol_8_degree/randinit_0_0_sf8_0_nz_1000_Lv_10000_ga_1_0_1e-5_4 1  0 0 8 &
../../ct_haploid_diff_init_rob_evol 5000 200 0 8000000  5260 1e-5 1000 10000 3 0.5 0.5 1 1 diff_init_rob_evol_8_degree/randinit_0_0_sf8_0_nz_1000_Lv_10000_ga_1_0_1e-5_5 1  0 0 8 &
../../ct_haploid_diff_init_rob_evol 5000 200 0 8000000  5628 1e-5 1000 10000 3 0.5 0.5 1 1 diff_init_rob_evol_8_degree/randinit_0_0_sf8_0_nz_1000_Lv_10000_ga_1_0_1e-5_6 1  0 0 8 &
../../ct_haploid_diff_init_rob_evol 5000 200 0 8000000  31371 1e-5 1000 10000 3 0.5 0.5 1 1 diff_init_rob_evol_8_degree/randinit_0_0_sf8_0_nz_1000_Lv_10000_ga_1_0_1e-5_7 1  0 0 8 &
../../ct_haploid_diff_init_rob_evol 5000 200 0 8000000  24805 1e-5 1000 10000 3 0.5 0.5 1 1 diff_init_rob_evol_8_degree/randinit_0_0_sf8_0_nz_1000_Lv_10000_ga_1_0_1e-5_8 1  0 0 8 &
../../ct_haploid_diff_init_rob_evol 5000 200 0 8000000  28153 1e-5 1000 10000 3 0.5 0.5 1 1 diff_init_rob_evol_8_degree/randinit_0_0_sf8_0_nz_1000_Lv_10000_ga_1_0_1e-5_9 1  0 0 8 &
../../ct_haploid_diff_init_rob_evol 5000 200 0 8000000  8447 1e-5 1000 10000 3 0.5 0.5 1 1 diff_init_rob_evol_8_degree/randinit_0_0_sf8_0_nz_1000_Lv_10000_ga_1_0_1e-5_10 1  0 0 8 &
../../ct_haploid_diff_init_rob_evol 5000 200 0 8000000  29756 1e-5 1000 10000 3 0.5 0.5 1 1 diff_init_rob_evol_8_degree/randinit_0_0_sf8_0_nz_1000_Lv_10000_ga_1_0_1e-5_11 1  0 0 8 &
../../ct_haploid_diff_init_rob_evol 5000 200 0 8000000  19513 1e-5 1000 10000 3 0.5 0.5 1 1 diff_init_rob_evol_8_degree/randinit_0_0_sf8_0_nz_1000_Lv_10000_ga_1_0_1e-5_12 1  0 0 8 &
../../ct_haploid_diff_init_rob_evol 5000 200 0 8000000  13370 1e-5 1000 10000 3 0.5 0.5 1 1 diff_init_rob_evol_8_degree/randinit_0_0_sf8_0_nz_1000_Lv_10000_ga_1_0_1e-5_13 1  0 0 8 &
../../ct_haploid_diff_init_rob_evol 5000 200 0 8000000  29099 1e-5 1000 10000 3 0.5 0.5 1 1 diff_init_rob_evol_8_degree/randinit_0_0_sf8_0_nz_1000_Lv_10000_ga_1_0_1e-5_14 1  0 0 8 &
../../ct_haploid_diff_init_rob_evol 5000 200 0 8000000  14922 1e-5 1000 10000 3 0.5 0.5 1 1 diff_init_rob_evol_8_degree/randinit_0_0_sf8_0_nz_1000_Lv_10000_ga_1_0_1e-5_15 1  0 0 8 &
../../ct_haploid_diff_init_rob_evol 5000 200 0 8000000  23997 1e-5 1000 10000 3 0.5 0.5 1 1 diff_init_rob_evol_8_degree/randinit_0_0_sf8_0_nz_1000_Lv_10000_ga_1_0_1e-5_16 1  0 0 8 &
../../ct_haploid_diff_init_rob_evol 5000 200 0 8000000  19693 1e-5 1000 10000 3 0.5 0.5 1 1 diff_init_rob_evol_8_degree/randinit_0_0_sf8_0_nz_1000_Lv_10000_ga_1_0_1e-5_17 1  0 0 8 &
../../ct_haploid_diff_init_rob_evol 5000 200 0 8000000  6622 1e-5 1000 10000 3 0.5 0.5 1 1 diff_init_rob_evol_8_degree/randinit_0_0_sf8_0_nz_1000_Lv_10000_ga_1_0_1e-5_18 1  0 0 8 &
../../ct_haploid_diff_init_rob_evol 5000 200 0 8000000  29693 1e-5 1000 10000 3 0.5 0.5 1 1 diff_init_rob_evol_8_degree/randinit_0_0_sf8_0_nz_1000_Lv_10000_ga_1_0_1e-5_19 1  0 0 8 &
../../ct_haploid_diff_init_rob_evol 5000 200 0 8000000  7513 1e-5 1000 10000 3 0.5 0.5 1 1 diff_init_rob_evol_8_degree/randinit_0_0_sf8_0_nz_1000_Lv_10000_ga_1_0_1e-5_20 1  0 0 8 &
