../../ct_haploid_diff_init_rob_evol 5000 200 0.3 8000000  28828 1e-5 1000 10000 3 0.5 0.5 1 1 diff_init_rob_evol_8_degree/randinit_0_0_sf8_0.3_nz_1000_Lv_10000_ga_1_0_1e-5_1 1  0 0 8 &
../../ct_haploid_diff_init_rob_evol 5000 200 0.3 8000000  13245 1e-5 1000 10000 3 0.5 0.5 1 1 diff_init_rob_evol_8_degree/randinit_0_0_sf8_0.3_nz_1000_Lv_10000_ga_1_0_1e-5_2 1  0 0 8 &
../../ct_haploid_diff_init_rob_evol 5000 200 0.3 8000000  26152 1e-5 1000 10000 3 0.5 0.5 1 1 diff_init_rob_evol_8_degree/randinit_0_0_sf8_0.3_nz_1000_Lv_10000_ga_1_0_1e-5_3 1  0 0 8 &
../../ct_haploid_diff_init_rob_evol 5000 200 0.3 8000000  26107 1e-5 1000 10000 3 0.5 0.5 1 1 diff_init_rob_evol_8_degree/randinit_0_0_sf8_0.3_nz_1000_Lv_10000_ga_1_0_1e-5_4 1  0 0 8 &
../../ct_haploid_diff_init_rob_evol 5000 200 0.3 8000000  20939 1e-5 1000 10000 3 0.5 0.5 1 1 diff_init_rob_evol_8_degree/randinit_0_0_sf8_0.3_nz_1000_Lv_10000_ga_1_0_1e-5_5 1  0 0 8 &
../../ct_haploid_diff_init_rob_evol 5000 200 0.3 8000000  4487 1e-5 1000 10000 3 0.5 0.5 1 1 diff_init_rob_evol_8_degree/randinit_0_0_sf8_0.3_nz_1000_Lv_10000_ga_1_0_1e-5_6 1  0 0 8 &
../../ct_haploid_diff_init_rob_evol 5000 200 0.3 8000000  20123 1e-5 1000 10000 3 0.5 0.5 1 1 diff_init_rob_evol_8_degree/randinit_0_0_sf8_0.3_nz_1000_Lv_10000_ga_1_0_1e-5_7 1  0 0 8 &
../../ct_haploid_diff_init_rob_evol 5000 200 0.3 8000000  19769 1e-5 1000 10000 3 0.5 0.5 1 1 diff_init_rob_evol_8_degree/randinit_0_0_sf8_0.3_nz_1000_Lv_10000_ga_1_0_1e-5_8 1  0 0 8 &
../../ct_haploid_diff_init_rob_evol 5000 200 0.3 8000000  1416 1e-5 1000 10000 3 0.5 0.5 1 1 diff_init_rob_evol_8_degree/randinit_0_0_sf8_0.3_nz_1000_Lv_10000_ga_1_0_1e-5_9 1  0 0 8 &
../../ct_haploid_diff_init_rob_evol 5000 200 0.3 8000000  15766 1e-5 1000 10000 3 0.5 0.5 1 1 diff_init_rob_evol_8_degree/randinit_0_0_sf8_0.3_nz_1000_Lv_10000_ga_1_0_1e-5_10 1  0 0 8 &
../../ct_haploid_diff_init_rob_evol 5000 200 0.3 8000000  20111 1e-5 1000 10000 3 0.5 0.5 1 1 diff_init_rob_evol_8_degree/randinit_0_0_sf8_0.3_nz_1000_Lv_10000_ga_1_0_1e-5_11 1  0 0 8 &
../../ct_haploid_diff_init_rob_evol 5000 200 0.3 8000000  13122 1e-5 1000 10000 3 0.5 0.5 1 1 diff_init_rob_evol_8_degree/randinit_0_0_sf8_0.3_nz_1000_Lv_10000_ga_1_0_1e-5_12 1  0 0 8 &
../../ct_haploid_diff_init_rob_evol 5000 200 0.3 8000000  27802 1e-5 1000 10000 3 0.5 0.5 1 1 diff_init_rob_evol_8_degree/randinit_0_0_sf8_0.3_nz_1000_Lv_10000_ga_1_0_1e-5_13 1  0 0 8 &
../../ct_haploid_diff_init_rob_evol 5000 200 0.3 8000000  6350 1e-5 1000 10000 3 0.5 0.5 1 1 diff_init_rob_evol_8_degree/randinit_0_0_sf8_0.3_nz_1000_Lv_10000_ga_1_0_1e-5_14 1  0 0 8 &
../../ct_haploid_diff_init_rob_evol 5000 200 0.3 8000000  7901 1e-5 1000 10000 3 0.5 0.5 1 1 diff_init_rob_evol_8_degree/randinit_0_0_sf8_0.3_nz_1000_Lv_10000_ga_1_0_1e-5_15 1  0 0 8 &
../../ct_haploid_diff_init_rob_evol 5000 200 0.3 8000000  32672 1e-5 1000 10000 3 0.5 0.5 1 1 diff_init_rob_evol_8_degree/randinit_0_0_sf8_0.3_nz_1000_Lv_10000_ga_1_0_1e-5_16 1  0 0 8 &
../../ct_haploid_diff_init_rob_evol 5000 200 0.3 8000000  6967 1e-5 1000 10000 3 0.5 0.5 1 1 diff_init_rob_evol_8_degree/randinit_0_0_sf8_0.3_nz_1000_Lv_10000_ga_1_0_1e-5_17 1  0 0 8 &
../../ct_haploid_diff_init_rob_evol 5000 200 0.3 8000000  21427 1e-5 1000 10000 3 0.5 0.5 1 1 diff_init_rob_evol_8_degree/randinit_0_0_sf8_0.3_nz_1000_Lv_10000_ga_1_0_1e-5_18 1  0 0 8 &
../../ct_haploid_diff_init_rob_evol 5000 200 0.3 8000000  8445 1e-5 1000 10000 3 0.5 0.5 1 1 diff_init_rob_evol_8_degree/randinit_0_0_sf8_0.3_nz_1000_Lv_10000_ga_1_0_1e-5_19 1  0 0 8 &
../../ct_haploid_diff_init_rob_evol 5000 200 0.3 8000000  28690 1e-5 1000 10000 3 0.5 0.5 1 1 diff_init_rob_evol_8_degree/randinit_0_0_sf8_0.3_nz_1000_Lv_10000_ga_1_0_1e-5_20 1  0 0 8 &
