../../ct_haploid_diff_init_rob_evol 5000 200 0 8000000  16959 1e-5 1000 10000 3 0.5 0.5 1 0 diff_init_rob_evol_8_degree/stabil_0_0_sf8_0_nz_1000_Lv_10000_ga_1_0_1e-5_1 1  0 0 8 &
../../ct_haploid_diff_init_rob_evol 5000 200 0 8000000  27004 1e-5 1000 10000 3 0.5 0.5 1 0 diff_init_rob_evol_8_degree/stabil_0_0_sf8_0_nz_1000_Lv_10000_ga_1_0_1e-5_2 1  0 0 8 &
../../ct_haploid_diff_init_rob_evol 5000 200 0 8000000  27454 1e-5 1000 10000 3 0.5 0.5 1 0 diff_init_rob_evol_8_degree/stabil_0_0_sf8_0_nz_1000_Lv_10000_ga_1_0_1e-5_3 1  0 0 8 &
../../ct_haploid_diff_init_rob_evol 5000 200 0 8000000  21015 1e-5 1000 10000 3 0.5 0.5 1 0 diff_init_rob_evol_8_degree/stabil_0_0_sf8_0_nz_1000_Lv_10000_ga_1_0_1e-5_4 1  0 0 8 &
../../ct_haploid_diff_init_rob_evol 5000 200 0 8000000  8403 1e-5 1000 10000 3 0.5 0.5 1 0 diff_init_rob_evol_8_degree/stabil_0_0_sf8_0_nz_1000_Lv_10000_ga_1_0_1e-5_5 1  0 0 8 &
../../ct_haploid_diff_init_rob_evol 5000 200 0 8000000  32381 1e-5 1000 10000 3 0.5 0.5 1 0 diff_init_rob_evol_8_degree/stabil_0_0_sf8_0_nz_1000_Lv_10000_ga_1_0_1e-5_6 1  0 0 8 &
../../ct_haploid_diff_init_rob_evol 5000 200 0 8000000  28478 1e-5 1000 10000 3 0.5 0.5 1 0 diff_init_rob_evol_8_degree/stabil_0_0_sf8_0_nz_1000_Lv_10000_ga_1_0_1e-5_7 1  0 0 8 &
../../ct_haploid_diff_init_rob_evol 5000 200 0 8000000  31225 1e-5 1000 10000 3 0.5 0.5 1 0 diff_init_rob_evol_8_degree/stabil_0_0_sf8_0_nz_1000_Lv_10000_ga_1_0_1e-5_8 1  0 0 8 &
../../ct_haploid_diff_init_rob_evol 5000 200 0 8000000  31506 1e-5 1000 10000 3 0.5 0.5 1 0 diff_init_rob_evol_8_degree/stabil_0_0_sf8_0_nz_1000_Lv_10000_ga_1_0_1e-5_9 1  0 0 8 &
../../ct_haploid_diff_init_rob_evol 5000 200 0 8000000  910 1e-5 1000 10000 3 0.5 0.5 1 0 diff_init_rob_evol_8_degree/stabil_0_0_sf8_0_nz_1000_Lv_10000_ga_1_0_1e-5_10 1  0 0 8 &
../../ct_haploid_diff_init_rob_evol 5000 200 0 8000000  8032 1e-5 1000 10000 3 0.5 0.5 1 0 diff_init_rob_evol_8_degree/stabil_0_0_sf8_0_nz_1000_Lv_10000_ga_1_0_1e-5_11 1  0 0 8 &
../../ct_haploid_diff_init_rob_evol 5000 200 0 8000000  6038 1e-5 1000 10000 3 0.5 0.5 1 0 diff_init_rob_evol_8_degree/stabil_0_0_sf8_0_nz_1000_Lv_10000_ga_1_0_1e-5_12 1  0 0 8 &
../../ct_haploid_diff_init_rob_evol 5000 200 0 8000000  9609 1e-5 1000 10000 3 0.5 0.5 1 0 diff_init_rob_evol_8_degree/stabil_0_0_sf8_0_nz_1000_Lv_10000_ga_1_0_1e-5_13 1  0 0 8 &
../../ct_haploid_diff_init_rob_evol 5000 200 0 8000000  25410 1e-5 1000 10000 3 0.5 0.5 1 0 diff_init_rob_evol_8_degree/stabil_0_0_sf8_0_nz_1000_Lv_10000_ga_1_0_1e-5_14 1  0 0 8 &
../../ct_haploid_diff_init_rob_evol 5000 200 0 8000000  7152 1e-5 1000 10000 3 0.5 0.5 1 0 diff_init_rob_evol_8_degree/stabil_0_0_sf8_0_nz_1000_Lv_10000_ga_1_0_1e-5_15 1  0 0 8 &
../../ct_haploid_diff_init_rob_evol 5000 200 0 8000000  14219 1e-5 1000 10000 3 0.5 0.5 1 0 diff_init_rob_evol_8_degree/stabil_0_0_sf8_0_nz_1000_Lv_10000_ga_1_0_1e-5_16 1  0 0 8 &
../../ct_haploid_diff_init_rob_evol 5000 200 0 8000000  3970 1e-5 1000 10000 3 0.5 0.5 1 0 diff_init_rob_evol_8_degree/stabil_0_0_sf8_0_nz_1000_Lv_10000_ga_1_0_1e-5_17 1  0 0 8 &
../../ct_haploid_diff_init_rob_evol 5000 200 0 8000000  8375 1e-5 1000 10000 3 0.5 0.5 1 0 diff_init_rob_evol_8_degree/stabil_0_0_sf8_0_nz_1000_Lv_10000_ga_1_0_1e-5_18 1  0 0 8 &
../../ct_haploid_diff_init_rob_evol 5000 200 0 8000000  22555 1e-5 1000 10000 3 0.5 0.5 1 0 diff_init_rob_evol_8_degree/stabil_0_0_sf8_0_nz_1000_Lv_10000_ga_1_0_1e-5_19 1  0 0 8 &
../../ct_haploid_diff_init_rob_evol 5000 200 0 8000000  29978 1e-5 1000 10000 3 0.5 0.5 1 0 diff_init_rob_evol_8_degree/stabil_0_0_sf8_0_nz_1000_Lv_10000_ga_1_0_1e-5_20 1  0 0 8 &
