../../ct_haploid_fixed_rob_alpha_init 5000 200 0 32279 1000 10000 0.5 0.5 1 1 diff_rob_by_alpha/randinit_nz_1000_Lv_10000_ga_1_0_1 1  &
../../ct_haploid_fixed_rob_alpha_init 5000 200 0 14003 1000 10000 0.5 0.5 1 1 diff_rob_by_alpha/randinit_nz_1000_Lv_10000_ga_1_0_2 1  &
../../ct_haploid_fixed_rob_alpha_init 5000 200 0 13249 1000 10000 0.5 0.5 1 1 diff_rob_by_alpha/randinit_nz_1000_Lv_10000_ga_1_0_3 1  &
../../ct_haploid_fixed_rob_alpha_init 5000 200 0 29980 1000 10000 0.5 0.5 1 1 diff_rob_by_alpha/randinit_nz_1000_Lv_10000_ga_1_0_4 1  &
../../ct_haploid_fixed_rob_alpha_init 5000 200 0 15727 1000 10000 0.5 0.5 1 1 diff_rob_by_alpha/randinit_nz_1000_Lv_10000_ga_1_0_5 1  &
../../ct_haploid_fixed_rob_alpha_init 5000 200 0 32392 1000 10000 0.5 0.5 1 1 diff_rob_by_alpha/randinit_nz_1000_Lv_10000_ga_1_0_6 1  &
../../ct_haploid_fixed_rob_alpha_init 5000 200 0 17412 1000 10000 0.5 0.5 1 1 diff_rob_by_alpha/randinit_nz_1000_Lv_10000_ga_1_0_7 1  &
../../ct_haploid_fixed_rob_alpha_init 5000 200 0 27284 1000 10000 0.5 0.5 1 1 diff_rob_by_alpha/randinit_nz_1000_Lv_10000_ga_1_0_8 1  &
../../ct_haploid_fixed_rob_alpha_init 5000 200 0 19308 1000 10000 0.5 0.5 1 1 diff_rob_by_alpha/randinit_nz_1000_Lv_10000_ga_1_0_9 1  &
../../ct_haploid_fixed_rob_alpha_init 5000 200 0 14280 1000 10000 0.5 0.5 1 1 diff_rob_by_alpha/randinit_nz_1000_Lv_10000_ga_1_0_10 1  &
../../ct_haploid_fixed_rob_alpha_init 5000 200 0 13613 1000 10000 0.5 0.5 1 1 diff_rob_by_alpha/randinit_nz_1000_Lv_10000_ga_1_0_11 1  &
../../ct_haploid_fixed_rob_alpha_init 5000 200 0 10129 1000 10000 0.5 0.5 1 1 diff_rob_by_alpha/randinit_nz_1000_Lv_10000_ga_1_0_12 1  &
../../ct_haploid_fixed_rob_alpha_init 5000 200 0 15122 1000 10000 0.5 0.5 1 1 diff_rob_by_alpha/randinit_nz_1000_Lv_10000_ga_1_0_13 1  &
../../ct_haploid_fixed_rob_alpha_init 5000 200 0 18772 1000 10000 0.5 0.5 1 1 diff_rob_by_alpha/randinit_nz_1000_Lv_10000_ga_1_0_14 1  &
../../ct_haploid_fixed_rob_alpha_init 5000 200 0 11044 1000 10000 0.5 0.5 1 1 diff_rob_by_alpha/randinit_nz_1000_Lv_10000_ga_1_0_15 1  &
../../ct_haploid_fixed_rob_alpha_init 5000 200 0 19435 1000 10000 0.5 0.5 1 1 diff_rob_by_alpha/randinit_nz_1000_Lv_10000_ga_1_0_16 1  &
../../ct_haploid_fixed_rob_alpha_init 5000 200 0 29120 1000 10000 0.5 0.5 1 1 diff_rob_by_alpha/randinit_nz_1000_Lv_10000_ga_1_0_17 1  &
../../ct_haploid_fixed_rob_alpha_init 5000 200 0 8138 1000 10000 0.5 0.5 1 1 diff_rob_by_alpha/randinit_nz_1000_Lv_10000_ga_1_0_18 1  &
../../ct_haploid_fixed_rob_alpha_init 5000 200 0 10279 1000 10000 0.5 0.5 1 1 diff_rob_by_alpha/randinit_nz_1000_Lv_10000_ga_1_0_19 1  &
../../ct_haploid_fixed_rob_alpha_init 5000 200 0 12694 1000 10000 0.5 0.5 1 1 diff_rob_by_alpha/randinit_nz_1000_Lv_10000_ga_1_0_20 1 &
