../../ct_haploid_fixed_rob_alpha_init 5000 200 0 30016 1000 10000 0.5 0.5 1 0 diff_rob_by_alpha/stabil_nz_1000_Lv_10000_ga_1_0_1 1  &
../../ct_haploid_fixed_rob_alpha_init 5000 200 0 26316 1000 10000 0.5 0.5 1 0 diff_rob_by_alpha/stabil_nz_1000_Lv_10000_ga_1_0_2 1  &
../../ct_haploid_fixed_rob_alpha_init 5000 200 0 25699 1000 10000 0.5 0.5 1 0 diff_rob_by_alpha/stabil_nz_1000_Lv_10000_ga_1_0_3 1  &
../../ct_haploid_fixed_rob_alpha_init 5000 200 0 24055 1000 10000 0.5 0.5 1 0 diff_rob_by_alpha/stabil_nz_1000_Lv_10000_ga_1_0_4 1  &
../../ct_haploid_fixed_rob_alpha_init 5000 200 0 11669 1000 10000 0.5 0.5 1 0 diff_rob_by_alpha/stabil_nz_1000_Lv_10000_ga_1_0_5 1  &
../../ct_haploid_fixed_rob_alpha_init 5000 200 0 12338 1000 10000 0.5 0.5 1 0 diff_rob_by_alpha/stabil_nz_1000_Lv_10000_ga_1_0_6 1  &
../../ct_haploid_fixed_rob_alpha_init 5000 200 0 18306 1000 10000 0.5 0.5 1 0 diff_rob_by_alpha/stabil_nz_1000_Lv_10000_ga_1_0_7 1  &
../../ct_haploid_fixed_rob_alpha_init 5000 200 0 15043 1000 10000 0.5 0.5 1 0 diff_rob_by_alpha/stabil_nz_1000_Lv_10000_ga_1_0_8 1  &
../../ct_haploid_fixed_rob_alpha_init 5000 200 0 3267 1000 10000 0.5 0.5 1 0 diff_rob_by_alpha/stabil_nz_1000_Lv_10000_ga_1_0_9 1  &
../../ct_haploid_fixed_rob_alpha_init 5000 200 0 30278 1000 10000 0.5 0.5 1 0 diff_rob_by_alpha/stabil_nz_1000_Lv_10000_ga_1_0_10 1  &
../../ct_haploid_fixed_rob_alpha_init 5000 200 0 10473 1000 10000 0.5 0.5 1 0 diff_rob_by_alpha/stabil_nz_1000_Lv_10000_ga_1_0_11 1  &
../../ct_haploid_fixed_rob_alpha_init 5000 200 0 30633 1000 10000 0.5 0.5 1 0 diff_rob_by_alpha/stabil_nz_1000_Lv_10000_ga_1_0_12 1  &
../../ct_haploid_fixed_rob_alpha_init 5000 200 0 9210 1000 10000 0.5 0.5 1 0 diff_rob_by_alpha/stabil_nz_1000_Lv_10000_ga_1_0_13 1  &
../../ct_haploid_fixed_rob_alpha_init 5000 200 0 9203 1000 10000 0.5 0.5 1 0 diff_rob_by_alpha/stabil_nz_1000_Lv_10000_ga_1_0_14 1  &
../../ct_haploid_fixed_rob_alpha_init 5000 200 0 20048 1000 10000 0.5 0.5 1 0 diff_rob_by_alpha/stabil_nz_1000_Lv_10000_ga_1_0_15 1  &
../../ct_haploid_fixed_rob_alpha_init 5000 200 0 29737 1000 10000 0.5 0.5 1 0 diff_rob_by_alpha/stabil_nz_1000_Lv_10000_ga_1_0_16 1  &
../../ct_haploid_fixed_rob_alpha_init 5000 200 0 19622 1000 10000 0.5 0.5 1 0 diff_rob_by_alpha/stabil_nz_1000_Lv_10000_ga_1_0_17 1  &
../../ct_haploid_fixed_rob_alpha_init 5000 200 0 21793 1000 10000 0.5 0.5 1 0 diff_rob_by_alpha/stabil_nz_1000_Lv_10000_ga_1_0_18 1  &
../../ct_haploid_fixed_rob_alpha_init 5000 200 0 6146 1000 10000 0.5 0.5 1 0 diff_rob_by_alpha/stabil_nz_1000_Lv_10000_ga_1_0_19 1 &
../../ct_haploid_fixed_rob_alpha_init 5000 200 0 26453 1000 10000 0.5 0.5 1 0 diff_rob_by_alpha/stabil_nz_1000_Lv_10000_ga_1_0_20 1  &
